{"/workspace/AutoCI/index.js": {"path":"/workspace/AutoCI/index.js","statementMap":{"0":{"start":{"line":1,"column":13},"end":{"line":1,"column":37}},"1":{"start":{"line":2,"column":15},"end":{"line":2,"column":41}},"2":{"start":{"line":3,"column":11},"end":{"line":3,"column":30}},"3":{"start":{"line":4,"column":17},"end":{"line":4,"column":48}},"4":{"start":{"line":5,"column":17},"end":{"line":5,"column":42}},"5":{"start":{"line":9,"column":2},"end":{"line":48,"column":3}},"6":{"start":{"line":10,"column":4},"end":{"line":10,"column":27}},"7":{"start":{"line":12,"column":4},"end":{"line":22,"column":5}},"8":{"start":{"line":13,"column":6},"end":{"line":13,"column":38}},"9":{"start":{"line":14,"column":6},"end":{"line":14,"column":38}},"10":{"start":{"line":15,"column":6},"end":{"line":15,"column":32}},"11":{"start":{"line":18,"column":6},"end":{"line":18,"column":46}},"12":{"start":{"line":19,"column":6},"end":{"line":19,"column":46}},"13":{"start":{"line":20,"column":6},"end":{"line":20,"column":30}},"14":{"start":{"line":24,"column":21},"end":{"line":24,"column":40}},"15":{"start":{"line":25,"column":19},"end":{"line":25,"column":34}},"16":{"start":{"line":26,"column":19},"end":{"line":26,"column":34}},"17":{"start":{"line":27,"column":20},"end":{"line":27,"column":55}},"18":{"start":{"line":28,"column":4},"end":{"line":28,"column":46}},"19":{"start":{"line":28,"column":26},"end":{"line":28,"column":46}},"20":{"start":{"line":29,"column":23},"end":{"line":30,"column":52}},"21":{"start":{"line":31,"column":4},"end":{"line":34,"column":5}},"22":{"start":{"line":32,"column":6},"end":{"line":32,"column":53}},"23":{"start":{"line":33,"column":6},"end":{"line":33,"column":12}},"24":{"start":{"line":35,"column":19},"end":{"line":35,"column":48}},"25":{"start":{"line":36,"column":4},"end":{"line":36,"column":48}},"26":{"start":{"line":36,"column":14},"end":{"line":36,"column":48}},"27":{"start":{"line":37,"column":20},"end":{"line":37,"column":44}},"28":{"start":{"line":38,"column":4},"end":{"line":43,"column":40}},"29":{"start":{"line":39,"column":6},"end":{"line":39,"column":29}},"30":{"start":{"line":40,"column":6},"end":{"line":40,"column":30}},"31":{"start":{"line":41,"column":6},"end":{"line":41,"column":45}},"32":{"start":{"line":43,"column":9},"end":{"line":43,"column":40}},"33":{"start":{"line":46,"column":4},"end":{"line":46,"column":50}},"34":{"start":{"line":46,"column":15},"end":{"line":46,"column":50}},"35":{"start":{"line":47,"column":4},"end":{"line":47,"column":34}},"36":{"start":{"line":51,"column":0},"end":{"line":51,"column":15}},"37":{"start":{"line":53,"column":0},"end":{"line":55,"column":1}}},"fnMap":{"0":{"name":"run","decl":{"start":{"line":8,"column":15},"end":{"line":8,"column":18}},"loc":{"start":{"line":8,"column":42},"end":{"line":50,"column":1}},"line":8}},"branchMap":{"0":{"loc":{"start":{"line":8,"column":29},"end":{"line":8,"column":40}},"type":"default-arg","locations":[{"start":{"line":8,"column":35},"end":{"line":8,"column":40}}],"line":8},"1":{"loc":{"start":{"line":12,"column":4},"end":{"line":22,"column":5}},"type":"if","locations":[{"start":{"line":12,"column":4},"end":{"line":22,"column":5}},{"start":{"line":12,"column":4},"end":{"line":22,"column":5}}],"line":12},"2":{"loc":{"start":{"line":12,"column":8},"end":{"line":12,"column":47}},"type":"binary-expr","locations":[{"start":{"line":12,"column":8},"end":{"line":12,"column":28}},{"start":{"line":12,"column":32},"end":{"line":12,"column":47}}],"line":12},"3":{"loc":{"start":{"line":28,"column":4},"end":{"line":28,"column":46}},"type":"if","locations":[{"start":{"line":28,"column":4},"end":{"line":28,"column":46}},{"start":{"line":28,"column":4},"end":{"line":28,"column":46}}],"line":28},"4":{"loc":{"start":{"line":31,"column":4},"end":{"line":34,"column":5}},"type":"if","locations":[{"start":{"line":31,"column":4},"end":{"line":34,"column":5}},{"start":{"line":31,"column":4},"end":{"line":34,"column":5}}],"line":31},"5":{"loc":{"start":{"line":36,"column":4},"end":{"line":36,"column":48}},"type":"if","locations":[{"start":{"line":36,"column":4},"end":{"line":36,"column":48}},{"start":{"line":36,"column":4},"end":{"line":36,"column":48}}],"line":36},"6":{"loc":{"start":{"line":38,"column":4},"end":{"line":43,"column":40}},"type":"if","locations":[{"start":{"line":38,"column":4},"end":{"line":43,"column":40}},{"start":{"line":38,"column":4},"end":{"line":43,"column":40}}],"line":38},"7":{"loc":{"start":{"line":46,"column":4},"end":{"line":46,"column":50}},"type":"if","locations":[{"start":{"line":46,"column":4},"end":{"line":46,"column":50}},{"start":{"line":46,"column":4},"end":{"line":46,"column":50}}],"line":46}},"s":{"0":1,"1":1,"2":1,"3":1,"4":1,"5":2,"6":2,"7":2,"8":1,"9":1,"10":1,"11":1,"12":1,"13":1,"14":2,"15":2,"16":2,"17":2,"18":2,"19":2,"20":2,"21":2,"22":1,"23":1,"24":1,"25":1,"26":1,"27":1,"28":1,"29":1,"30":1,"31":1,"32":0,"33":0,"34":0,"35":0,"36":1,"37":1},"f":{"0":2},"b":{"0":[0],"1":[1,1],"2":[2,2],"3":[2,0],"4":[1,1],"5":[1,0],"6":[1,0],"7":[0,0]},"_coverageSchema":"1a1c01bbd47fc00a2c39e90264f33305004495a9","hash":"cefe94dcc519392d960b847bce5159956a0fd285"}
,"/workspace/AutoCI/.github/commitlint.config.js": {"path":"/workspace/AutoCI/.github/commitlint.config.js","statementMap":{"0":{"start":{"line":1,"column":0},"end":{"line":3,"column":1}}},"fnMap":{},"branchMap":{},"s":{"0":0},"f":{},"b":{}}
,"/workspace/AutoCI/dist/sourcemap-register.js": {"path":"/workspace/AutoCI/dist/sourcemap-register.js","statementMap":{"0":{"start":{"line":1,"column":0},"end":{"line":3912,"column":12}},"1":{"start":{"line":5,"column":33},"end":{"line":5,"column":35}},"2":{"start":{"line":11,"column":11},"end":{"line":13,"column":12}},"3":{"start":{"line":12,"column":12},"end":{"line":12,"column":54}},"4":{"start":{"line":15,"column":24},"end":{"line":19,"column":12}},"5":{"start":{"line":22,"column":23},"end":{"line":22,"column":27}},"6":{"start":{"line":23,"column":11},"end":{"line":28,"column":12}},"7":{"start":{"line":24,"column":12},"end":{"line":24,"column":96}},"8":{"start":{"line":25,"column":12},"end":{"line":25,"column":26}},"9":{"start":{"line":27,"column":12},"end":{"line":27,"column":56}},"10":{"start":{"line":27,"column":22},"end":{"line":27,"column":56}},"11":{"start":{"line":31,"column":11},"end":{"line":31,"column":27}},"12":{"start":{"line":34,"column":11},"end":{"line":34,"column":33}},"13":{"start":{"line":38,"column":10},"end":{"line":38,"column":51}},"14":{"start":{"line":43,"column":11},"end":{"line":43,"column":43}},"15":{"start":{"line":47,"column":10},"end":{"line":47,"column":27}},"16":{"start":{"line":62,"column":0},"end":{"line":62,"column":33}},"17":{"start":{"line":63,"column":0},"end":{"line":63,"column":30}},"18":{"start":{"line":88,"column":12},"end":{"line":88,"column":49}},"19":{"start":{"line":89,"column":12},"end":{"line":89,"column":51}},"20":{"start":{"line":90,"column":2},"end":{"line":122,"column":3}},"21":{"start":{"line":92,"column":4},"end":{"line":92,"column":15}},"22":{"start":{"line":94,"column":7},"end":{"line":122,"column":3}},"23":{"start":{"line":96,"column":4},"end":{"line":99,"column":5}},"24":{"start":{"line":98,"column":6},"end":{"line":98,"column":78}},"25":{"start":{"line":103,"column":4},"end":{"line":107,"column":5}},"26":{"start":{"line":104,"column":6},"end":{"line":104,"column":51}},"27":{"start":{"line":106,"column":6},"end":{"line":106,"column":17}},"28":{"start":{"line":111,"column":4},"end":{"line":114,"column":5}},"29":{"start":{"line":113,"column":6},"end":{"line":113,"column":77}},"30":{"start":{"line":117,"column":4},"end":{"line":121,"column":5}},"31":{"start":{"line":118,"column":6},"end":{"line":118,"column":17}},"32":{"start":{"line":120,"column":6},"end":{"line":120,"column":34}},"33":{"start":{"line":143,"column":0},"end":{"line":165,"column":2}},"34":{"start":{"line":144,"column":2},"end":{"line":146,"column":3}},"35":{"start":{"line":145,"column":4},"end":{"line":145,"column":14}},"36":{"start":{"line":148,"column":14},"end":{"line":149,"column":78}},"37":{"start":{"line":150,"column":2},"end":{"line":152,"column":3}},"38":{"start":{"line":151,"column":4},"end":{"line":151,"column":14}},"39":{"start":{"line":157,"column":2},"end":{"line":162,"column":3}},"40":{"start":{"line":158,"column":4},"end":{"line":160,"column":5}},"41":{"start":{"line":159,"column":6},"end":{"line":159,"column":12}},"42":{"start":{"line":161,"column":4},"end":{"line":161,"column":12}},"43":{"start":{"line":164,"column":2},"end":{"line":164,"column":15}},"44":{"start":{"line":210,"column":13},"end":{"line":210,"column":37}},"45":{"start":{"line":224,"column":21},"end":{"line":224,"column":22}},"46":{"start":{"line":227,"column":15},"end":{"line":227,"column":34}},"47":{"start":{"line":230,"column":20},"end":{"line":230,"column":32}},"48":{"start":{"line":233,"column":27},"end":{"line":233,"column":35}},"49":{"start":{"line":242,"column":2},"end":{"line":244,"column":24}},"50":{"start":{"line":254,"column":19},"end":{"line":254,"column":37}},"51":{"start":{"line":255,"column":16},"end":{"line":255,"column":27}},"52":{"start":{"line":256,"column":2},"end":{"line":258,"column":14}},"53":{"start":{"line":264,"column":0},"end":{"line":282,"column":2}},"54":{"start":{"line":265,"column":16},"end":{"line":265,"column":18}},"55":{"start":{"line":268,"column":12},"end":{"line":268,"column":31}},"56":{"start":{"line":270,"column":2},"end":{"line":279,"column":20}},"57":{"start":{"line":271,"column":4},"end":{"line":271,"column":32}},"58":{"start":{"line":272,"column":4},"end":{"line":272,"column":28}},"59":{"start":{"line":273,"column":4},"end":{"line":277,"column":5}},"60":{"start":{"line":276,"column":6},"end":{"line":276,"column":36}},"61":{"start":{"line":278,"column":4},"end":{"line":278,"column":36}},"62":{"start":{"line":281,"column":2},"end":{"line":281,"column":17}},"63":{"start":{"line":288,"column":0},"end":{"line":312,"column":2}},"64":{"start":{"line":289,"column":15},"end":{"line":289,"column":26}},"65":{"start":{"line":290,"column":15},"end":{"line":290,"column":16}},"66":{"start":{"line":291,"column":14},"end":{"line":291,"column":15}},"67":{"start":{"line":294,"column":2},"end":{"line":308,"column":25}},"68":{"start":{"line":295,"column":4},"end":{"line":297,"column":5}},"69":{"start":{"line":296,"column":6},"end":{"line":296,"column":68}},"70":{"start":{"line":299,"column":4},"end":{"line":299,"column":53}},"71":{"start":{"line":300,"column":4},"end":{"line":302,"column":5}},"72":{"start":{"line":301,"column":6},"end":{"line":301,"column":74}},"73":{"start":{"line":304,"column":4},"end":{"line":304,"column":52}},"74":{"start":{"line":305,"column":4},"end":{"line":305,"column":27}},"75":{"start":{"line":306,"column":4},"end":{"line":306,"column":39}},"76":{"start":{"line":307,"column":4},"end":{"line":307,"column":28}},"77":{"start":{"line":310,"column":2},"end":{"line":310,"column":42}},"78":{"start":{"line":311,"column":2},"end":{"line":311,"column":26}},"79":{"start":{"line":348,"column":13},"end":{"line":348,"column":19}},"80":{"start":{"line":349,"column":2},"end":{"line":349,"column":18}},"81":{"start":{"line":350,"column":2},"end":{"line":350,"column":16}},"82":{"start":{"line":362,"column":2},"end":{"line":362,"column":58}},"83":{"start":{"line":382,"column":2},"end":{"line":420,"column":3}},"84":{"start":{"line":394,"column":21},"end":{"line":394,"column":43}},"85":{"start":{"line":395,"column":12},"end":{"line":395,"column":17}},"86":{"start":{"line":397,"column":4},"end":{"line":397,"column":29}},"87":{"start":{"line":398,"column":16},"end":{"line":398,"column":22}},"88":{"start":{"line":406,"column":4},"end":{"line":411,"column":5}},"89":{"start":{"line":406,"column":17},"end":{"line":406,"column":18}},"90":{"start":{"line":407,"column":6},"end":{"line":410,"column":7}},"91":{"start":{"line":408,"column":8},"end":{"line":408,"column":15}},"92":{"start":{"line":409,"column":8},"end":{"line":409,"column":24}},"93":{"start":{"line":413,"column":4},"end":{"line":413,"column":24}},"94":{"start":{"line":414,"column":12},"end":{"line":414,"column":17}},"95":{"start":{"line":418,"column":4},"end":{"line":418,"column":43}},"96":{"start":{"line":419,"column":4},"end":{"line":419,"column":43}},"97":{"start":{"line":431,"column":0},"end":{"line":433,"column":2}},"98":{"start":{"line":432,"column":2},"end":{"line":432,"column":50}},"99":{"start":{"line":441,"column":0},"end":{"line":441,"column":35}},"100":{"start":{"line":448,"column":24},"end":{"line":448,"column":66}},"101":{"start":{"line":449,"column":11},"end":{"line":449,"column":35}},"102":{"start":{"line":452,"column":0},"end":{"line":460,"column":1}},"103":{"start":{"line":453,"column":2},"end":{"line":453,"column":32}},"104":{"start":{"line":454,"column":2},"end":{"line":457,"column":3}},"105":{"start":{"line":456,"column":4},"end":{"line":456,"column":14}},"106":{"start":{"line":462,"column":17},"end":{"line":462,"column":41}},"107":{"start":{"line":465,"column":30},"end":{"line":465,"column":35}},"108":{"start":{"line":466,"column":28},"end":{"line":466,"column":33}},"109":{"start":{"line":469,"column":34},"end":{"line":469,"column":39}},"110":{"start":{"line":472,"column":18},"end":{"line":472,"column":24}},"111":{"start":{"line":475,"column":24},"end":{"line":475,"column":26}},"112":{"start":{"line":478,"column":21},"end":{"line":478,"column":23}},"113":{"start":{"line":481,"column":18},"end":{"line":481,"column":55}},"114":{"start":{"line":484,"column":27},"end":{"line":484,"column":29}},"115":{"start":{"line":485,"column":26},"end":{"line":485,"column":28}},"116":{"start":{"line":488,"column":2},"end":{"line":489,"column":16}},"117":{"start":{"line":489,"column":4},"end":{"line":489,"column":16}},"118":{"start":{"line":490,"column":2},"end":{"line":491,"column":17}},"119":{"start":{"line":491,"column":4},"end":{"line":491,"column":17}},"120":{"start":{"line":492,"column":2},"end":{"line":492,"column":179}},"121":{"start":{"line":496,"column":2},"end":{"line":496,"column":101}},"122":{"start":{"line":500,"column":2},"end":{"line":508,"column":4}},"123":{"start":{"line":501,"column":4},"end":{"line":506,"column":5}},"124":{"start":{"line":501,"column":17},"end":{"line":501,"column":18}},"125":{"start":{"line":502,"column":16},"end":{"line":502,"column":28}},"126":{"start":{"line":503,"column":6},"end":{"line":505,"column":7}},"127":{"start":{"line":504,"column":8},"end":{"line":504,"column":19}},"128":{"start":{"line":507,"column":4},"end":{"line":507,"column":16}},"129":{"start":{"line":511,"column":19},"end":{"line":511,"column":52}},"130":{"start":{"line":513,"column":0},"end":{"line":547,"column":3}},"131":{"start":{"line":515,"column":2},"end":{"line":515,"column":21}},"132":{"start":{"line":516,"column":2},"end":{"line":523,"column":3}},"133":{"start":{"line":518,"column":4},"end":{"line":522,"column":7}},"134":{"start":{"line":519,"column":6},"end":{"line":521,"column":12}},"135":{"start":{"line":524,"column":2},"end":{"line":526,"column":3}},"136":{"start":{"line":525,"column":4},"end":{"line":525,"column":35}},"137":{"start":{"line":528,"column":17},"end":{"line":528,"column":19}},"138":{"start":{"line":529,"column":2},"end":{"line":544,"column":3}},"139":{"start":{"line":530,"column":4},"end":{"line":541,"column":5}},"140":{"start":{"line":532,"column":16},"end":{"line":532,"column":36}},"141":{"start":{"line":533,"column":6},"end":{"line":533,"column":48}},"142":{"start":{"line":534,"column":6},"end":{"line":534,"column":21}},"143":{"start":{"line":535,"column":6},"end":{"line":537,"column":7}},"144":{"start":{"line":536,"column":8},"end":{"line":536,"column":36}},"145":{"start":{"line":538,"column":11},"end":{"line":541,"column":5}},"146":{"start":{"line":540,"column":6},"end":{"line":540,"column":47}},"147":{"start":{"line":546,"column":2},"end":{"line":546,"column":44}},"148":{"start":{"line":552,"column":2},"end":{"line":552,"column":24}},"149":{"start":{"line":552,"column":13},"end":{"line":552,"column":24}},"150":{"start":{"line":553,"column":12},"end":{"line":553,"column":30}},"151":{"start":{"line":554,"column":14},"end":{"line":554,"column":41}},"152":{"start":{"line":555,"column":17},"end":{"line":555,"column":38}},"153":{"start":{"line":556,"column":18},"end":{"line":556,"column":44}},"154":{"start":{"line":557,"column":2},"end":{"line":561,"column":3}},"155":{"start":{"line":559,"column":4},"end":{"line":559,"column":20}},"156":{"start":{"line":560,"column":4},"end":{"line":560,"column":88}},"157":{"start":{"line":562,"column":2},"end":{"line":562,"column":66}},"158":{"start":{"line":568,"column":2},"end":{"line":583,"column":3}},"159":{"start":{"line":569,"column":5},"end":{"line":582,"column":6}},"160":{"start":{"line":570,"column":17},"end":{"line":570,"column":37}},"161":{"start":{"line":571,"column":7},"end":{"line":571,"column":38}},"162":{"start":{"line":572,"column":7},"end":{"line":572,"column":22}},"163":{"start":{"line":573,"column":7},"end":{"line":573,"column":65}},"164":{"start":{"line":576,"column":29},"end":{"line":577,"column":65}},"165":{"start":{"line":578,"column":7},"end":{"line":580,"column":8}},"166":{"start":{"line":579,"column":9},"end":{"line":579,"column":32}},"167":{"start":{"line":586,"column":2},"end":{"line":586,"column":34}},"168":{"start":{"line":587,"column":11},"end":{"line":587,"column":134}},"169":{"start":{"line":591,"column":2},"end":{"line":591,"column":54}},"170":{"start":{"line":591,"column":36},"end":{"line":591,"column":54}},"171":{"start":{"line":592,"column":2},"end":{"line":592,"column":30}},"172":{"start":{"line":592,"column":18},"end":{"line":592,"column":30}},"173":{"start":{"line":593,"column":2},"end":{"line":593,"column":22}},"174":{"start":{"line":601,"column":24},"end":{"line":601,"column":56}},"175":{"start":{"line":602,"column":0},"end":{"line":627,"column":3}},"176":{"start":{"line":603,"column":25},"end":{"line":603,"column":53}},"177":{"start":{"line":604,"column":2},"end":{"line":604,"column":37}},"178":{"start":{"line":604,"column":25},"end":{"line":604,"column":37}},"179":{"start":{"line":608,"column":2},"end":{"line":617,"column":3}},"180":{"start":{"line":610,"column":18},"end":{"line":610,"column":75}},"181":{"start":{"line":611,"column":4},"end":{"line":611,"column":61}},"182":{"start":{"line":612,"column":4},"end":{"line":612,"column":30}},"183":{"start":{"line":615,"column":4},"end":{"line":615,"column":68}},"184":{"start":{"line":616,"column":4},"end":{"line":616,"column":51}},"185":{"start":{"line":619,"column":2},"end":{"line":621,"column":3}},"186":{"start":{"line":620,"column":4},"end":{"line":620,"column":16}},"187":{"start":{"line":623,"column":2},"end":{"line":626,"column":4}},"188":{"start":{"line":630,"column":18},"end":{"line":630,"column":49}},"189":{"start":{"line":631,"column":2},"end":{"line":657,"column":3}},"190":{"start":{"line":633,"column":20},"end":{"line":633,"column":54}},"191":{"start":{"line":634,"column":4},"end":{"line":656,"column":5}},"192":{"start":{"line":635,"column":6},"end":{"line":638,"column":8}},"193":{"start":{"line":642,"column":6},"end":{"line":650,"column":7}},"194":{"start":{"line":643,"column":8},"end":{"line":649,"column":11}},"195":{"start":{"line":644,"column":25},"end":{"line":644,"column":56}},"196":{"start":{"line":645,"column":10},"end":{"line":648,"column":11}},"197":{"start":{"line":646,"column":22},"end":{"line":646,"column":63}},"198":{"start":{"line":647,"column":12},"end":{"line":647,"column":46}},"199":{"start":{"line":652,"column":6},"end":{"line":655,"column":8}},"200":{"start":{"line":660,"column":2},"end":{"line":673,"column":3}},"201":{"start":{"line":661,"column":27},"end":{"line":661,"column":70}},"202":{"start":{"line":668,"column":4},"end":{"line":672,"column":5}},"203":{"start":{"line":669,"column":6},"end":{"line":670,"column":48}},"204":{"start":{"line":671,"column":6},"end":{"line":671,"column":30}},"205":{"start":{"line":675,"column":2},"end":{"line":675,"column":18}},"206":{"start":{"line":682,"column":14},"end":{"line":682,"column":67}},"207":{"start":{"line":683,"column":2},"end":{"line":691,"column":3}},"208":{"start":{"line":684,"column":19},"end":{"line":688,"column":6}},"209":{"start":{"line":689,"column":4},"end":{"line":690,"column":56}},"210":{"start":{"line":694,"column":2},"end":{"line":694,"column":52}},"211":{"start":{"line":695,"column":2},"end":{"line":697,"column":3}},"212":{"start":{"line":696,"column":4},"end":{"line":696,"column":72}},"213":{"start":{"line":700,"column":2},"end":{"line":700,"column":16}},"214":{"start":{"line":711,"column":21},"end":{"line":711,"column":23}},"215":{"start":{"line":712,"column":2},"end":{"line":737,"column":3}},"216":{"start":{"line":713,"column":4},"end":{"line":713,"column":28}},"217":{"start":{"line":715,"column":4},"end":{"line":715,"column":47}},"218":{"start":{"line":716,"column":4},"end":{"line":719,"column":5}},"219":{"start":{"line":717,"column":6},"end":{"line":717,"column":42}},"220":{"start":{"line":718,"column":6},"end":{"line":718,"column":27}},"221":{"start":{"line":721,"column":4},"end":{"line":728,"column":5}},"222":{"start":{"line":722,"column":6},"end":{"line":722,"column":31}},"223":{"start":{"line":727,"column":6},"end":{"line":727,"column":36}},"224":{"start":{"line":729,"column":21},"end":{"line":729,"column":41}},"225":{"start":{"line":730,"column":4},"end":{"line":736,"column":5}},"226":{"start":{"line":731,"column":6},"end":{"line":731,"column":39}},"227":{"start":{"line":732,"column":25},"end":{"line":732,"column":47}},"228":{"start":{"line":733,"column":6},"end":{"line":735,"column":7}},"229":{"start":{"line":734,"column":8},"end":{"line":734,"column":43}},"230":{"start":{"line":739,"column":13},"end":{"line":739,"column":15}},"231":{"start":{"line":740,"column":21},"end":{"line":740,"column":43}},"232":{"start":{"line":741,"column":18},"end":{"line":741,"column":22}},"233":{"start":{"line":742,"column":22},"end":{"line":742,"column":42}},"234":{"start":{"line":743,"column":21},"end":{"line":743,"column":58}},"235":{"start":{"line":744,"column":2},"end":{"line":769,"column":3}},"236":{"start":{"line":745,"column":19},"end":{"line":745,"column":37}},"237":{"start":{"line":747,"column":4},"end":{"line":749,"column":5}},"238":{"start":{"line":748,"column":6},"end":{"line":748,"column":24}},"239":{"start":{"line":750,"column":21},"end":{"line":750,"column":41}},"240":{"start":{"line":751,"column":4},"end":{"line":761,"column":5}},"241":{"start":{"line":752,"column":6},"end":{"line":754,"column":7}},"242":{"start":{"line":753,"column":8},"end":{"line":753,"column":31}},"243":{"start":{"line":755,"column":6},"end":{"line":755,"column":27}},"244":{"start":{"line":756,"column":6},"end":{"line":758,"column":7}},"245":{"start":{"line":757,"column":8},"end":{"line":757,"column":43}},"246":{"start":{"line":760,"column":6},"end":{"line":760,"column":61}},"247":{"start":{"line":762,"column":9},"end":{"line":769,"column":3}},"248":{"start":{"line":763,"column":4},"end":{"line":763,"column":53}},"249":{"start":{"line":764,"column":9},"end":{"line":769,"column":3}},"250":{"start":{"line":765,"column":4},"end":{"line":765,"column":25}},"251":{"start":{"line":767,"column":4},"end":{"line":767,"column":25}},"252":{"start":{"line":768,"column":4},"end":{"line":768,"column":22}},"253":{"start":{"line":770,"column":2},"end":{"line":772,"column":3}},"254":{"start":{"line":771,"column":4},"end":{"line":771,"column":38}},"255":{"start":{"line":773,"column":2},"end":{"line":773,"column":14}},"256":{"start":{"line":777,"column":15},"end":{"line":777,"column":17}},"257":{"start":{"line":778,"column":2},"end":{"line":780,"column":5}},"258":{"start":{"line":779,"column":4},"end":{"line":779,"column":107}},"259":{"start":{"line":779,"column":59},"end":{"line":779,"column":90}},"260":{"start":{"line":781,"column":2},"end":{"line":781,"column":37}},"261":{"start":{"line":782,"column":2},"end":{"line":782,"column":16}},"262":{"start":{"line":786,"column":2},"end":{"line":788,"column":3}},"263":{"start":{"line":787,"column":4},"end":{"line":787,"column":17}},"264":{"start":{"line":793,"column":15},"end":{"line":793,"column":70}},"265":{"start":{"line":794,"column":2},"end":{"line":818,"column":3}},"266":{"start":{"line":795,"column":15},"end":{"line":795,"column":36}},"267":{"start":{"line":796,"column":17},"end":{"line":796,"column":44}},"268":{"start":{"line":800,"column":23},"end":{"line":800,"column":25}},"269":{"start":{"line":801,"column":4},"end":{"line":803,"column":5}},"270":{"start":{"line":802,"column":6},"end":{"line":802,"column":29}},"271":{"start":{"line":805,"column":19},"end":{"line":809,"column":6}},"272":{"start":{"line":810,"column":4},"end":{"line":810,"column":33}},"273":{"start":{"line":811,"column":31},"end":{"line":811,"column":52}},"274":{"start":{"line":812,"column":4},"end":{"line":812,"column":91}},"275":{"start":{"line":812,"column":41},"end":{"line":812,"column":88}},"276":{"start":{"line":813,"column":4},"end":{"line":813,"column":63}},"277":{"start":{"line":813,"column":37},"end":{"line":813,"column":60}},"278":{"start":{"line":814,"column":4},"end":{"line":814,"column":63}},"279":{"start":{"line":814,"column":39},"end":{"line":814,"column":60}},"280":{"start":{"line":815,"column":4},"end":{"line":815,"column":71}},"281":{"start":{"line":815,"column":41},"end":{"line":815,"column":68}},"282":{"start":{"line":816,"column":4},"end":{"line":816,"column":76}},"283":{"start":{"line":816,"column":50},"end":{"line":816,"column":73}},"284":{"start":{"line":817,"column":4},"end":{"line":817,"column":17}},"285":{"start":{"line":821,"column":15},"end":{"line":821,"column":54}},"286":{"start":{"line":822,"column":2},"end":{"line":827,"column":3}},"287":{"start":{"line":823,"column":4},"end":{"line":823,"column":35}},"288":{"start":{"line":824,"column":4},"end":{"line":824,"column":33}},"289":{"start":{"line":825,"column":4},"end":{"line":825,"column":56}},"290":{"start":{"line":825,"column":39},"end":{"line":825,"column":53}},"291":{"start":{"line":826,"column":4},"end":{"line":826,"column":17}},"292":{"start":{"line":830,"column":2},"end":{"line":830,"column":15}},"293":{"start":{"line":836,"column":2},"end":{"line":839,"column":3}},"294":{"start":{"line":837,"column":4},"end":{"line":837,"column":27}},"295":{"start":{"line":838,"column":4},"end":{"line":838,"column":24}},"296":{"start":{"line":841,"column":2},"end":{"line":843,"column":14}},"297":{"start":{"line":842,"column":4},"end":{"line":842,"column":45}},"298":{"start":{"line":848,"column":14},"end":{"line":848,"column":69}},"299":{"start":{"line":849,"column":2},"end":{"line":874,"column":3}},"300":{"start":{"line":850,"column":17},"end":{"line":850,"column":25}},"301":{"start":{"line":851,"column":15},"end":{"line":851,"column":24}},"302":{"start":{"line":852,"column":17},"end":{"line":852,"column":26}},"303":{"start":{"line":855,"column":19},"end":{"line":855,"column":44}},"304":{"start":{"line":858,"column":4},"end":{"line":864,"column":5}},"305":{"start":{"line":859,"column":6},"end":{"line":863,"column":7}},"306":{"start":{"line":860,"column":8},"end":{"line":860,"column":51}},"307":{"start":{"line":862,"column":8},"end":{"line":862,"column":22}},"308":{"start":{"line":867,"column":4},"end":{"line":873,"column":5}},"309":{"start":{"line":868,"column":17},"end":{"line":868,"column":59}},"310":{"start":{"line":869,"column":6},"end":{"line":872,"column":7}},"311":{"start":{"line":870,"column":8},"end":{"line":871,"column":44}},"312":{"start":{"line":875,"column":2},"end":{"line":875,"column":14}},"313":{"start":{"line":879,"column":15},"end":{"line":879,"column":36}},"314":{"start":{"line":882,"column":2},"end":{"line":884,"column":3}},"315":{"start":{"line":883,"column":4},"end":{"line":883,"column":45}},"316":{"start":{"line":886,"column":2},"end":{"line":889,"column":3}},"317":{"start":{"line":887,"column":4},"end":{"line":887,"column":20}},"318":{"start":{"line":888,"column":4},"end":{"line":888,"column":26}},"319":{"start":{"line":891,"column":2},"end":{"line":891,"column":29}},"320":{"start":{"line":892,"column":2},"end":{"line":892,"column":18}},"321":{"start":{"line":896,"column":17},"end":{"line":896,"column":29}},"322":{"start":{"line":898,"column":2},"end":{"line":909,"column":4}},"323":{"start":{"line":899,"column":4},"end":{"line":906,"column":5}},"324":{"start":{"line":900,"column":22},"end":{"line":900,"column":56}},"325":{"start":{"line":901,"column":26},"end":{"line":901,"column":57}},"326":{"start":{"line":903,"column":6},"end":{"line":905,"column":7}},"327":{"start":{"line":904,"column":8},"end":{"line":904,"column":47}},"328":{"start":{"line":908,"column":4},"end":{"line":908,"column":43}},"329":{"start":{"line":912,"column":35},"end":{"line":912,"column":64}},"330":{"start":{"line":913,"column":34},"end":{"line":913,"column":62}},"331":{"start":{"line":915,"column":0},"end":{"line":915,"column":36}},"332":{"start":{"line":916,"column":0},"end":{"line":916,"column":40}},"333":{"start":{"line":917,"column":0},"end":{"line":917,"column":46}},"334":{"start":{"line":918,"column":0},"end":{"line":918,"column":46}},"335":{"start":{"line":920,"column":0},"end":{"line":999,"column":2}},"336":{"start":{"line":921,"column":2},"end":{"line":921,"column":26}},"337":{"start":{"line":923,"column":2},"end":{"line":928,"column":3}},"338":{"start":{"line":924,"column":4},"end":{"line":924,"column":38}},"339":{"start":{"line":925,"column":4},"end":{"line":927,"column":5}},"340":{"start":{"line":926,"column":6},"end":{"line":926,"column":113}},"341":{"start":{"line":932,"column":2},"end":{"line":938,"column":3}},"342":{"start":{"line":933,"column":4},"end":{"line":935,"column":5}},"343":{"start":{"line":934,"column":6},"end":{"line":934,"column":38}},"344":{"start":{"line":937,"column":4},"end":{"line":937,"column":55}},"345":{"start":{"line":942,"column":2},"end":{"line":948,"column":3}},"346":{"start":{"line":943,"column":4},"end":{"line":945,"column":5}},"347":{"start":{"line":944,"column":6},"end":{"line":944,"column":37}},"348":{"start":{"line":947,"column":4},"end":{"line":947,"column":59}},"349":{"start":{"line":951,"column":2},"end":{"line":969,"column":3}},"350":{"start":{"line":953,"column":4},"end":{"line":957,"column":5}},"351":{"start":{"line":954,"column":6},"end":{"line":954,"column":40}},"352":{"start":{"line":958,"column":19},"end":{"line":958,"column":44}},"353":{"start":{"line":960,"column":4},"end":{"line":968,"column":5}},"354":{"start":{"line":961,"column":6},"end":{"line":965,"column":8}},"355":{"start":{"line":962,"column":8},"end":{"line":962,"column":46}},"356":{"start":{"line":963,"column":8},"end":{"line":963,"column":45}},"357":{"start":{"line":964,"column":8},"end":{"line":964,"column":54}},"358":{"start":{"line":967,"column":6},"end":{"line":967,"column":58}},"359":{"start":{"line":972,"column":2},"end":{"line":975,"column":3}},"360":{"start":{"line":973,"column":4},"end":{"line":974,"column":50}},"361":{"start":{"line":978,"column":2},"end":{"line":981,"column":3}},"362":{"start":{"line":979,"column":4},"end":{"line":979,"column":35}},"363":{"start":{"line":980,"column":4},"end":{"line":980,"column":48}},"364":{"start":{"line":983,"column":2},"end":{"line":998,"column":3}},"365":{"start":{"line":984,"column":25},"end":{"line":985,"column":45}},"366":{"start":{"line":994,"column":4},"end":{"line":997,"column":5}},"367":{"start":{"line":995,"column":6},"end":{"line":995,"column":35}},"368":{"start":{"line":996,"column":6},"end":{"line":996,"column":34}},"369":{"start":{"line":1001,"column":0},"end":{"line":1007,"column":1}},"370":{"start":{"line":1002,"column":2},"end":{"line":1002,"column":34}},"371":{"start":{"line":1003,"column":2},"end":{"line":1003,"column":33}},"372":{"start":{"line":1005,"column":2},"end":{"line":1005,"column":63}},"373":{"start":{"line":1006,"column":2},"end":{"line":1006,"column":61}},"374":{"start":{"line":1022,"column":11},"end":{"line":1022,"column":35}},"375":{"start":{"line":1023,"column":19},"end":{"line":1023,"column":43}},"376":{"start":{"line":1024,"column":15},"end":{"line":1024,"column":48}},"377":{"start":{"line":1025,"column":16},"end":{"line":1025,"column":40}},"378":{"start":{"line":1026,"column":16},"end":{"line":1026,"column":50}},"379":{"start":{"line":1029,"column":18},"end":{"line":1029,"column":28}},"380":{"start":{"line":1030,"column":2},"end":{"line":1032,"column":3}},"381":{"start":{"line":1031,"column":4},"end":{"line":1031,"column":53}},"382":{"start":{"line":1034,"column":2},"end":{"line":1036,"column":59}},"383":{"start":{"line":1039,"column":0},"end":{"line":1041,"column":1}},"384":{"start":{"line":1040,"column":2},"end":{"line":1040,"column":73}},"385":{"start":{"line":1046,"column":0},"end":{"line":1046,"column":41}},"386":{"start":{"line":1078,"column":0},"end":{"line":1078,"column":55}},"387":{"start":{"line":1079,"column":0},"end":{"line":1089,"column":3}},"388":{"start":{"line":1083,"column":4},"end":{"line":1085,"column":5}},"389":{"start":{"line":1084,"column":6},"end":{"line":1084,"column":59}},"390":{"start":{"line":1087,"column":4},"end":{"line":1087,"column":36}},"391":{"start":{"line":1091,"column":0},"end":{"line":1091,"column":54}},"392":{"start":{"line":1092,"column":0},"end":{"line":1102,"column":3}},"393":{"start":{"line":1096,"column":4},"end":{"line":1098,"column":5}},"394":{"start":{"line":1097,"column":6},"end":{"line":1097,"column":59}},"395":{"start":{"line":1100,"column":4},"end":{"line":1100,"column":35}},"396":{"start":{"line":1104,"column":0},"end":{"line":1108,"column":4}},"397":{"start":{"line":1106,"column":12},"end":{"line":1106,"column":30}},"398":{"start":{"line":1107,"column":4},"end":{"line":1107,"column":34}},"399":{"start":{"line":1115,"column":0},"end":{"line":1118,"column":4}},"400":{"start":{"line":1117,"column":4},"end":{"line":1117,"column":64}},"401":{"start":{"line":1120,"column":0},"end":{"line":1120,"column":38}},"402":{"start":{"line":1121,"column":0},"end":{"line":1121,"column":37}},"403":{"start":{"line":1123,"column":0},"end":{"line":1123,"column":43}},"404":{"start":{"line":1124,"column":0},"end":{"line":1124,"column":40}},"405":{"start":{"line":1142,"column":0},"end":{"line":1172,"column":4}},"406":{"start":{"line":1144,"column":18},"end":{"line":1144,"column":34}},"407":{"start":{"line":1145,"column":16},"end":{"line":1145,"column":59}},"408":{"start":{"line":1148,"column":4},"end":{"line":1157,"column":5}},"409":{"start":{"line":1150,"column":6},"end":{"line":1150,"column":41}},"410":{"start":{"line":1151,"column":6},"end":{"line":1151,"column":12}},"411":{"start":{"line":1153,"column":6},"end":{"line":1153,"column":40}},"412":{"start":{"line":1154,"column":6},"end":{"line":1154,"column":12}},"413":{"start":{"line":1156,"column":6},"end":{"line":1156,"column":53}},"414":{"start":{"line":1159,"column":21},"end":{"line":1159,"column":36}},"415":{"start":{"line":1160,"column":4},"end":{"line":1171,"column":41}},"416":{"start":{"line":1161,"column":19},"end":{"line":1161,"column":84}},"417":{"start":{"line":1162,"column":6},"end":{"line":1162,"column":77}},"418":{"start":{"line":1163,"column":6},"end":{"line":1170,"column":8}},"419":{"start":{"line":1196,"column":0},"end":{"line":1264,"column":4}},"420":{"start":{"line":1198,"column":15},"end":{"line":1198,"column":41}},"421":{"start":{"line":1204,"column":17},"end":{"line":1208,"column":5}},"422":{"start":{"line":1210,"column":4},"end":{"line":1210,"column":57}},"423":{"start":{"line":1211,"column":4},"end":{"line":1213,"column":5}},"424":{"start":{"line":1212,"column":6},"end":{"line":1212,"column":16}},"425":{"start":{"line":1215,"column":19},"end":{"line":1215,"column":21}},"426":{"start":{"line":1217,"column":16},"end":{"line":1222,"column":65}},"427":{"start":{"line":1223,"column":4},"end":{"line":1261,"column":5}},"428":{"start":{"line":1224,"column":20},"end":{"line":1224,"column":49}},"429":{"start":{"line":1226,"column":6},"end":{"line":1260,"column":7}},"430":{"start":{"line":1227,"column":27},"end":{"line":1227,"column":47}},"431":{"start":{"line":1233,"column":8},"end":{"line":1241,"column":9}},"432":{"start":{"line":1234,"column":10},"end":{"line":1238,"column":13}},"433":{"start":{"line":1240,"column":10},"end":{"line":1240,"column":52}},"434":{"start":{"line":1243,"column":29},"end":{"line":1243,"column":51}},"435":{"start":{"line":1249,"column":8},"end":{"line":1259,"column":9}},"436":{"start":{"line":1252,"column":10},"end":{"line":1256,"column":13}},"437":{"start":{"line":1258,"column":10},"end":{"line":1258,"column":52}},"438":{"start":{"line":1263,"column":4},"end":{"line":1263,"column":20}},"439":{"start":{"line":1266,"column":0},"end":{"line":1266,"column":46}},"440":{"start":{"line":1303,"column":18},"end":{"line":1303,"column":28}},"441":{"start":{"line":1304,"column":2},"end":{"line":1306,"column":3}},"442":{"start":{"line":1305,"column":4},"end":{"line":1305,"column":53}},"443":{"start":{"line":1308,"column":16},"end":{"line":1308,"column":49}},"444":{"start":{"line":1309,"column":16},"end":{"line":1309,"column":49}},"445":{"start":{"line":1312,"column":14},"end":{"line":1312,"column":49}},"446":{"start":{"line":1313,"column":19},"end":{"line":1313,"column":61}},"447":{"start":{"line":1314,"column":23},"end":{"line":1314,"column":69}},"448":{"start":{"line":1315,"column":17},"end":{"line":1315,"column":51}},"449":{"start":{"line":1316,"column":13},"end":{"line":1316,"column":49}},"450":{"start":{"line":1320,"column":2},"end":{"line":1322,"column":3}},"451":{"start":{"line":1321,"column":4},"end":{"line":1321,"column":55}},"452":{"start":{"line":1324,"column":2},"end":{"line":1326,"column":3}},"453":{"start":{"line":1325,"column":4},"end":{"line":1325,"column":44}},"454":{"start":{"line":1328,"column":2},"end":{"line":1342,"column":7}},"455":{"start":{"line":1339,"column":6},"end":{"line":1341,"column":17}},"456":{"start":{"line":1348,"column":2},"end":{"line":1348,"column":60}},"457":{"start":{"line":1349,"column":2},"end":{"line":1349,"column":52}},"458":{"start":{"line":1351,"column":2},"end":{"line":1353,"column":5}},"459":{"start":{"line":1352,"column":4},"end":{"line":1352,"column":63}},"460":{"start":{"line":1355,"column":2},"end":{"line":1355,"column":31}},"461":{"start":{"line":1356,"column":2},"end":{"line":1356,"column":39}},"462":{"start":{"line":1357,"column":2},"end":{"line":1357,"column":28}},"463":{"start":{"line":1358,"column":2},"end":{"line":1358,"column":37}},"464":{"start":{"line":1359,"column":2},"end":{"line":1359,"column":19}},"465":{"start":{"line":1362,"column":0},"end":{"line":1362,"column":78}},"466":{"start":{"line":1363,"column":0},"end":{"line":1363,"column":62}},"467":{"start":{"line":1369,"column":0},"end":{"line":1389,"column":2}},"468":{"start":{"line":1370,"column":23},"end":{"line":1370,"column":30}},"469":{"start":{"line":1371,"column":2},"end":{"line":1373,"column":3}},"470":{"start":{"line":1372,"column":4},"end":{"line":1372,"column":68}},"471":{"start":{"line":1375,"column":2},"end":{"line":1377,"column":3}},"472":{"start":{"line":1376,"column":4},"end":{"line":1376,"column":49}},"473":{"start":{"line":1382,"column":2},"end":{"line":1386,"column":3}},"474":{"start":{"line":1383,"column":4},"end":{"line":1385,"column":5}},"475":{"start":{"line":1384,"column":6},"end":{"line":1384,"column":15}},"476":{"start":{"line":1388,"column":2},"end":{"line":1388,"column":12}},"477":{"start":{"line":1400,"column":0},"end":{"line":1448,"column":4}},"478":{"start":{"line":1402,"column":14},"end":{"line":1402,"column":61}},"479":{"start":{"line":1404,"column":16},"end":{"line":1404,"column":82}},"480":{"start":{"line":1405,"column":18},"end":{"line":1405,"column":88}},"481":{"start":{"line":1406,"column":4},"end":{"line":1406,"column":44}},"482":{"start":{"line":1407,"column":4},"end":{"line":1408,"column":76}},"483":{"start":{"line":1409,"column":4},"end":{"line":1409,"column":32}},"484":{"start":{"line":1410,"column":4},"end":{"line":1410,"column":38}},"485":{"start":{"line":1411,"column":4},"end":{"line":1413,"column":7}},"486":{"start":{"line":1412,"column":6},"end":{"line":1412,"column":69}},"487":{"start":{"line":1420,"column":28},"end":{"line":1420,"column":66}},"488":{"start":{"line":1421,"column":32},"end":{"line":1421,"column":60}},"489":{"start":{"line":1422,"column":31},"end":{"line":1422,"column":58}},"490":{"start":{"line":1424,"column":4},"end":{"line":1443,"column":5}},"491":{"start":{"line":1424,"column":17},"end":{"line":1424,"column":18}},"492":{"start":{"line":1424,"column":29},"end":{"line":1424,"column":53}},"493":{"start":{"line":1425,"column":23},"end":{"line":1425,"column":43}},"494":{"start":{"line":1426,"column":24},"end":{"line":1426,"column":35}},"495":{"start":{"line":1427,"column":6},"end":{"line":1427,"column":59}},"496":{"start":{"line":1428,"column":6},"end":{"line":1428,"column":63}},"497":{"start":{"line":1430,"column":6},"end":{"line":1440,"column":7}},"498":{"start":{"line":1431,"column":8},"end":{"line":1431,"column":64}},"499":{"start":{"line":1432,"column":8},"end":{"line":1432,"column":59}},"500":{"start":{"line":1433,"column":8},"end":{"line":1433,"column":63}},"501":{"start":{"line":1435,"column":8},"end":{"line":1437,"column":9}},"502":{"start":{"line":1436,"column":10},"end":{"line":1436,"column":60}},"503":{"start":{"line":1439,"column":8},"end":{"line":1439,"column":47}},"504":{"start":{"line":1442,"column":6},"end":{"line":1442,"column":46}},"505":{"start":{"line":1445,"column":4},"end":{"line":1445,"column":71}},"506":{"start":{"line":1447,"column":4},"end":{"line":1447,"column":15}},"507":{"start":{"line":1453,"column":0},"end":{"line":1453,"column":46}},"508":{"start":{"line":1458,"column":0},"end":{"line":1462,"column":3}},"509":{"start":{"line":1460,"column":4},"end":{"line":1460,"column":41}},"510":{"start":{"line":1468,"column":2},"end":{"line":1468,"column":25}},"511":{"start":{"line":1469,"column":2},"end":{"line":1469,"column":27}},"512":{"start":{"line":1470,"column":2},"end":{"line":1470,"column":21}},"513":{"start":{"line":1471,"column":2},"end":{"line":1471,"column":27}},"514":{"start":{"line":1472,"column":2},"end":{"line":1472,"column":29}},"515":{"start":{"line":1473,"column":2},"end":{"line":1473,"column":19}},"516":{"start":{"line":1481,"column":0},"end":{"line":1583,"column":4}},"517":{"start":{"line":1483,"column":24},"end":{"line":1483,"column":25}},"518":{"start":{"line":1484,"column":34},"end":{"line":1484,"column":35}},"519":{"start":{"line":1485,"column":31},"end":{"line":1485,"column":32}},"520":{"start":{"line":1486,"column":33},"end":{"line":1486,"column":34}},"521":{"start":{"line":1487,"column":25},"end":{"line":1487,"column":26}},"522":{"start":{"line":1488,"column":23},"end":{"line":1488,"column":24}},"523":{"start":{"line":1489,"column":17},"end":{"line":1489,"column":28}},"524":{"start":{"line":1490,"column":16},"end":{"line":1490,"column":17}},"525":{"start":{"line":1491,"column":25},"end":{"line":1491,"column":27}},"526":{"start":{"line":1492,"column":15},"end":{"line":1492,"column":17}},"527":{"start":{"line":1493,"column":27},"end":{"line":1493,"column":29}},"528":{"start":{"line":1494,"column":28},"end":{"line":1494,"column":30}},"529":{"start":{"line":1497,"column":4},"end":{"line":1576,"column":5}},"530":{"start":{"line":1498,"column":6},"end":{"line":1575,"column":7}},"531":{"start":{"line":1499,"column":8},"end":{"line":1499,"column":24}},"532":{"start":{"line":1500,"column":8},"end":{"line":1500,"column":16}},"533":{"start":{"line":1501,"column":8},"end":{"line":1501,"column":36}},"534":{"start":{"line":1503,"column":11},"end":{"line":1575,"column":7}},"535":{"start":{"line":1504,"column":8},"end":{"line":1504,"column":16}},"536":{"start":{"line":1507,"column":8},"end":{"line":1507,"column":32}},"537":{"start":{"line":1508,"column":8},"end":{"line":1508,"column":46}},"538":{"start":{"line":1515,"column":8},"end":{"line":1519,"column":9}},"539":{"start":{"line":1516,"column":10},"end":{"line":1518,"column":11}},"540":{"start":{"line":1517,"column":12},"end":{"line":1517,"column":18}},"541":{"start":{"line":1520,"column":8},"end":{"line":1520,"column":37}},"542":{"start":{"line":1522,"column":8},"end":{"line":1522,"column":38}},"543":{"start":{"line":1523,"column":8},"end":{"line":1543,"column":9}},"544":{"start":{"line":1524,"column":10},"end":{"line":1524,"column":30}},"545":{"start":{"line":1526,"column":10},"end":{"line":1526,"column":23}},"546":{"start":{"line":1527,"column":10},"end":{"line":1532,"column":11}},"547":{"start":{"line":1528,"column":12},"end":{"line":1528,"column":48}},"548":{"start":{"line":1529,"column":12},"end":{"line":1529,"column":31}},"549":{"start":{"line":1530,"column":12},"end":{"line":1530,"column":30}},"550":{"start":{"line":1531,"column":12},"end":{"line":1531,"column":32}},"551":{"start":{"line":1534,"column":10},"end":{"line":1536,"column":11}},"552":{"start":{"line":1535,"column":12},"end":{"line":1535,"column":70}},"553":{"start":{"line":1538,"column":10},"end":{"line":1540,"column":11}},"554":{"start":{"line":1539,"column":12},"end":{"line":1539,"column":70}},"555":{"start":{"line":1542,"column":10},"end":{"line":1542,"column":40}},"556":{"start":{"line":1546,"column":8},"end":{"line":1546,"column":71}},"557":{"start":{"line":1547,"column":8},"end":{"line":1547,"column":58}},"558":{"start":{"line":1549,"column":8},"end":{"line":1569,"column":9}},"559":{"start":{"line":1551,"column":10},"end":{"line":1551,"column":55}},"560":{"start":{"line":1552,"column":10},"end":{"line":1552,"column":39}},"561":{"start":{"line":1555,"column":10},"end":{"line":1555,"column":67}},"562":{"start":{"line":1556,"column":10},"end":{"line":1556,"column":54}},"563":{"start":{"line":1558,"column":10},"end":{"line":1558,"column":36}},"564":{"start":{"line":1561,"column":10},"end":{"line":1561,"column":71}},"565":{"start":{"line":1562,"column":10},"end":{"line":1562,"column":58}},"566":{"start":{"line":1564,"column":10},"end":{"line":1568,"column":11}},"567":{"start":{"line":1566,"column":12},"end":{"line":1566,"column":53}},"568":{"start":{"line":1567,"column":12},"end":{"line":1567,"column":39}},"569":{"start":{"line":1571,"column":8},"end":{"line":1571,"column":40}},"570":{"start":{"line":1572,"column":8},"end":{"line":1574,"column":9}},"571":{"start":{"line":1573,"column":10},"end":{"line":1573,"column":41}},"572":{"start":{"line":1578,"column":4},"end":{"line":1578,"column":75}},"573":{"start":{"line":1579,"column":4},"end":{"line":1579,"column":49}},"574":{"start":{"line":1581,"column":4},"end":{"line":1581,"column":65}},"575":{"start":{"line":1582,"column":4},"end":{"line":1582,"column":47}},"576":{"start":{"line":1589,"column":0},"end":{"line":1607,"column":4}},"577":{"start":{"line":1597,"column":4},"end":{"line":1600,"column":5}},"578":{"start":{"line":1598,"column":6},"end":{"line":1599,"column":48}},"579":{"start":{"line":1601,"column":4},"end":{"line":1604,"column":5}},"580":{"start":{"line":1602,"column":6},"end":{"line":1603,"column":50}},"581":{"start":{"line":1606,"column":4},"end":{"line":1606,"column":71}},"582":{"start":{"line":1613,"column":0},"end":{"line":1634,"column":4}},"583":{"start":{"line":1615,"column":4},"end":{"line":1633,"column":5}},"584":{"start":{"line":1615,"column":21},"end":{"line":1615,"column":22}},"585":{"start":{"line":1616,"column":20},"end":{"line":1616,"column":50}},"586":{"start":{"line":1622,"column":6},"end":{"line":1629,"column":7}},"587":{"start":{"line":1623,"column":26},"end":{"line":1623,"column":60}},"588":{"start":{"line":1625,"column":8},"end":{"line":1628,"column":9}},"589":{"start":{"line":1626,"column":10},"end":{"line":1626,"column":72}},"590":{"start":{"line":1627,"column":10},"end":{"line":1627,"column":19}},"591":{"start":{"line":1632,"column":6},"end":{"line":1632,"column":45}},"592":{"start":{"line":1660,"column":0},"end":{"line":1704,"column":4}},"593":{"start":{"line":1662,"column":17},"end":{"line":1665,"column":5}},"594":{"start":{"line":1667,"column":16},"end":{"line":1674,"column":5}},"595":{"start":{"line":1676,"column":4},"end":{"line":1696,"column":5}},"596":{"start":{"line":1677,"column":20},"end":{"line":1677,"column":50}},"597":{"start":{"line":1679,"column":6},"end":{"line":1695,"column":7}},"598":{"start":{"line":1680,"column":21},"end":{"line":1680,"column":57}},"599":{"start":{"line":1681,"column":8},"end":{"line":1684,"column":9}},"600":{"start":{"line":1682,"column":10},"end":{"line":1682,"column":44}},"601":{"start":{"line":1683,"column":10},"end":{"line":1683,"column":86}},"602":{"start":{"line":1685,"column":19},"end":{"line":1685,"column":53}},"603":{"start":{"line":1686,"column":8},"end":{"line":1688,"column":9}},"604":{"start":{"line":1687,"column":10},"end":{"line":1687,"column":38}},"605":{"start":{"line":1689,"column":8},"end":{"line":1694,"column":10}},"606":{"start":{"line":1698,"column":4},"end":{"line":1703,"column":6}},"607":{"start":{"line":1710,"column":0},"end":{"line":1717,"column":4}},"608":{"start":{"line":1712,"column":4},"end":{"line":1714,"column":5}},"609":{"start":{"line":1713,"column":6},"end":{"line":1713,"column":19}},"610":{"start":{"line":1715,"column":4},"end":{"line":1716,"column":70}},"611":{"start":{"line":1716,"column":48},"end":{"line":1716,"column":66}},"612":{"start":{"line":1724,"column":0},"end":{"line":1769,"column":4}},"613":{"start":{"line":1726,"column":4},"end":{"line":1728,"column":5}},"614":{"start":{"line":1727,"column":6},"end":{"line":1727,"column":18}},"615":{"start":{"line":1730,"column":16},"end":{"line":1730,"column":46}},"616":{"start":{"line":1731,"column":4},"end":{"line":1733,"column":5}},"617":{"start":{"line":1732,"column":6},"end":{"line":1732,"column":40}},"618":{"start":{"line":1735,"column":25},"end":{"line":1735,"column":32}},"619":{"start":{"line":1736,"column":4},"end":{"line":1738,"column":5}},"620":{"start":{"line":1737,"column":6},"end":{"line":1737,"column":70}},"621":{"start":{"line":1741,"column":4},"end":{"line":1757,"column":5}},"622":{"start":{"line":1747,"column":27},"end":{"line":1747,"column":67}},"623":{"start":{"line":1748,"column":6},"end":{"line":1751,"column":7}},"624":{"start":{"line":1750,"column":8},"end":{"line":1750,"column":73}},"625":{"start":{"line":1753,"column":6},"end":{"line":1756,"column":7}},"626":{"start":{"line":1755,"column":8},"end":{"line":1755,"column":80}},"627":{"start":{"line":1763,"column":4},"end":{"line":1768,"column":5}},"628":{"start":{"line":1764,"column":6},"end":{"line":1764,"column":18}},"629":{"start":{"line":1767,"column":6},"end":{"line":1767,"column":75}},"630":{"start":{"line":1794,"column":0},"end":{"line":1838,"column":4}},"631":{"start":{"line":1796,"column":17},"end":{"line":1796,"column":45}},"632":{"start":{"line":1797,"column":4},"end":{"line":1797,"column":43}},"633":{"start":{"line":1798,"column":4},"end":{"line":1804,"column":5}},"634":{"start":{"line":1799,"column":6},"end":{"line":1803,"column":8}},"635":{"start":{"line":1806,"column":17},"end":{"line":1810,"column":5}},"636":{"start":{"line":1812,"column":16},"end":{"line":1819,"column":5}},"637":{"start":{"line":1821,"column":4},"end":{"line":1831,"column":5}},"638":{"start":{"line":1822,"column":20},"end":{"line":1822,"column":49}},"639":{"start":{"line":1824,"column":6},"end":{"line":1830,"column":7}},"640":{"start":{"line":1825,"column":8},"end":{"line":1829,"column":10}},"641":{"start":{"line":1833,"column":4},"end":{"line":1837,"column":6}},"642":{"start":{"line":1840,"column":0},"end":{"line":1840,"column":56}},"643":{"start":{"line":1892,"column":18},"end":{"line":1892,"column":28}},"644":{"start":{"line":1893,"column":2},"end":{"line":1895,"column":3}},"645":{"start":{"line":1894,"column":4},"end":{"line":1894,"column":53}},"646":{"start":{"line":1897,"column":16},"end":{"line":1897,"column":49}},"647":{"start":{"line":1898,"column":17},"end":{"line":1898,"column":51}},"648":{"start":{"line":1900,"column":2},"end":{"line":1902,"column":3}},"649":{"start":{"line":1901,"column":4},"end":{"line":1901,"column":55}},"650":{"start":{"line":1904,"column":2},"end":{"line":1904,"column":33}},"651":{"start":{"line":1905,"column":2},"end":{"line":1905,"column":31}},"652":{"start":{"line":1907,"column":19},"end":{"line":1910,"column":3}},"653":{"start":{"line":1911,"column":2},"end":{"line":1936,"column":5}},"654":{"start":{"line":1912,"column":4},"end":{"line":1916,"column":5}},"655":{"start":{"line":1915,"column":6},"end":{"line":1915,"column":76}},"656":{"start":{"line":1917,"column":17},"end":{"line":1917,"column":41}},"657":{"start":{"line":1918,"column":21},"end":{"line":1918,"column":48}},"658":{"start":{"line":1919,"column":23},"end":{"line":1919,"column":52}},"659":{"start":{"line":1921,"column":4},"end":{"line":1924,"column":5}},"660":{"start":{"line":1923,"column":6},"end":{"line":1923,"column":78}},"661":{"start":{"line":1925,"column":4},"end":{"line":1925,"column":24}},"662":{"start":{"line":1927,"column":4},"end":{"line":1935,"column":5}},"663":{"start":{"line":1939,"column":0},"end":{"line":1939,"column":80}},"664":{"start":{"line":1940,"column":0},"end":{"line":1940,"column":67}},"665":{"start":{"line":1945,"column":0},"end":{"line":1945,"column":48}},"666":{"start":{"line":1950,"column":0},"end":{"line":1960,"column":3}},"667":{"start":{"line":1952,"column":18},"end":{"line":1952,"column":20}},"668":{"start":{"line":1953,"column":4},"end":{"line":1957,"column":5}},"669":{"start":{"line":1953,"column":17},"end":{"line":1953,"column":18}},"670":{"start":{"line":1954,"column":6},"end":{"line":1956,"column":7}},"671":{"start":{"line":1954,"column":19},"end":{"line":1954,"column":20}},"672":{"start":{"line":1955,"column":8},"end":{"line":1955,"column":60}},"673":{"start":{"line":1958,"column":4},"end":{"line":1958,"column":19}},"674":{"start":{"line":1981,"column":0},"end":{"line":2020,"column":4}},"675":{"start":{"line":1983,"column":17},"end":{"line":1986,"column":5}},"676":{"start":{"line":1990,"column":23},"end":{"line":1999,"column":8}},"677":{"start":{"line":1992,"column":18},"end":{"line":1992,"column":78}},"678":{"start":{"line":1993,"column":8},"end":{"line":1995,"column":9}},"679":{"start":{"line":1994,"column":10},"end":{"line":1994,"column":21}},"680":{"start":{"line":1997,"column":8},"end":{"line":1998,"column":57}},"681":{"start":{"line":2000,"column":18},"end":{"line":2000,"column":46}},"682":{"start":{"line":2002,"column":4},"end":{"line":2009,"column":5}},"683":{"start":{"line":2003,"column":6},"end":{"line":2008,"column":8}},"684":{"start":{"line":2011,"column":4},"end":{"line":2019,"column":7}},"685":{"start":{"line":2026,"column":0},"end":{"line":2031,"column":4}},"686":{"start":{"line":2028,"column":4},"end":{"line":2030,"column":7}},"687":{"start":{"line":2029,"column":6},"end":{"line":2029,"column":50}},"688":{"start":{"line":2038,"column":0},"end":{"line":2054,"column":4}},"689":{"start":{"line":2040,"column":4},"end":{"line":2047,"column":5}},"690":{"start":{"line":2040,"column":17},"end":{"line":2040,"column":18}},"691":{"start":{"line":2041,"column":20},"end":{"line":2041,"column":37}},"692":{"start":{"line":2043,"column":20},"end":{"line":2043,"column":68}},"693":{"start":{"line":2044,"column":6},"end":{"line":2046,"column":7}},"694":{"start":{"line":2045,"column":8},"end":{"line":2045,"column":23}},"695":{"start":{"line":2048,"column":4},"end":{"line":2053,"column":5}},"696":{"start":{"line":2049,"column":6},"end":{"line":2049,"column":18}},"697":{"start":{"line":2052,"column":6},"end":{"line":2052,"column":68}},"698":{"start":{"line":2074,"column":0},"end":{"line":2102,"column":4}},"699":{"start":{"line":2076,"column":4},"end":{"line":2096,"column":5}},"700":{"start":{"line":2076,"column":17},"end":{"line":2076,"column":18}},"701":{"start":{"line":2077,"column":20},"end":{"line":2077,"column":37}},"702":{"start":{"line":2081,"column":6},"end":{"line":2083,"column":7}},"703":{"start":{"line":2082,"column":8},"end":{"line":2082,"column":17}},"704":{"start":{"line":2084,"column":30},"end":{"line":2084,"column":74}},"705":{"start":{"line":2085,"column":6},"end":{"line":2095,"column":7}},"706":{"start":{"line":2086,"column":18},"end":{"line":2093,"column":9}},"707":{"start":{"line":2094,"column":8},"end":{"line":2094,"column":19}},"708":{"start":{"line":2098,"column":4},"end":{"line":2101,"column":6}},"709":{"start":{"line":2109,"column":0},"end":{"line":2157,"column":4}},"710":{"start":{"line":2111,"column":4},"end":{"line":2111,"column":34}},"711":{"start":{"line":2112,"column":4},"end":{"line":2112,"column":33}},"712":{"start":{"line":2113,"column":4},"end":{"line":2153,"column":5}},"713":{"start":{"line":2113,"column":17},"end":{"line":2113,"column":18}},"714":{"start":{"line":2114,"column":20},"end":{"line":2114,"column":37}},"715":{"start":{"line":2115,"column":28},"end":{"line":2115,"column":63}},"716":{"start":{"line":2116,"column":6},"end":{"line":2152,"column":7}},"717":{"start":{"line":2116,"column":19},"end":{"line":2116,"column":20}},"718":{"start":{"line":2117,"column":22},"end":{"line":2117,"column":40}},"719":{"start":{"line":2119,"column":21},"end":{"line":2119,"column":65}},"720":{"start":{"line":2120,"column":8},"end":{"line":2120,"column":96}},"721":{"start":{"line":2121,"column":8},"end":{"line":2121,"column":34}},"722":{"start":{"line":2122,"column":8},"end":{"line":2122,"column":47}},"723":{"start":{"line":2124,"column":19},"end":{"line":2124,"column":23}},"724":{"start":{"line":2125,"column":8},"end":{"line":2129,"column":9}},"725":{"start":{"line":2126,"column":10},"end":{"line":2126,"column":58}},"726":{"start":{"line":2127,"column":10},"end":{"line":2127,"column":32}},"727":{"start":{"line":2128,"column":10},"end":{"line":2128,"column":43}},"728":{"start":{"line":2135,"column":30},"end":{"line":2146,"column":9}},"729":{"start":{"line":2148,"column":8},"end":{"line":2148,"column":55}},"730":{"start":{"line":2149,"column":8},"end":{"line":2151,"column":9}},"731":{"start":{"line":2150,"column":10},"end":{"line":2150,"column":56}},"732":{"start":{"line":2155,"column":4},"end":{"line":2155,"column":82}},"733":{"start":{"line":2156,"column":4},"end":{"line":2156,"column":72}},"734":{"start":{"line":2159,"column":0},"end":{"line":2159,"column":60}},"735":{"start":{"line":2174,"column":16},"end":{"line":2174,"column":40}},"736":{"start":{"line":2175,"column":11},"end":{"line":2175,"column":35}},"737":{"start":{"line":2176,"column":15},"end":{"line":2176,"column":48}},"738":{"start":{"line":2177,"column":18},"end":{"line":2177,"column":54}},"739":{"start":{"line":2188,"column":2},"end":{"line":2190,"column":3}},"740":{"start":{"line":2189,"column":4},"end":{"line":2189,"column":15}},"741":{"start":{"line":2191,"column":2},"end":{"line":2191,"column":48}},"742":{"start":{"line":2192,"column":2},"end":{"line":2192,"column":60}},"743":{"start":{"line":2193,"column":2},"end":{"line":2193,"column":69}},"744":{"start":{"line":2194,"column":2},"end":{"line":2194,"column":33}},"745":{"start":{"line":2195,"column":2},"end":{"line":2195,"column":31}},"746":{"start":{"line":2196,"column":2},"end":{"line":2196,"column":37}},"747":{"start":{"line":2197,"column":2},"end":{"line":2197,"column":31}},"748":{"start":{"line":2200,"column":0},"end":{"line":2200,"column":42}},"749":{"start":{"line":2207,"column":0},"end":{"line":2256,"column":4}},"750":{"start":{"line":2209,"column":21},"end":{"line":2209,"column":50}},"751":{"start":{"line":2210,"column":20},"end":{"line":2213,"column":6}},"752":{"start":{"line":2214,"column":4},"end":{"line":2239,"column":7}},"753":{"start":{"line":2215,"column":23},"end":{"line":2220,"column":7}},"754":{"start":{"line":2222,"column":6},"end":{"line":2236,"column":7}},"755":{"start":{"line":2223,"column":8},"end":{"line":2223,"column":43}},"756":{"start":{"line":2224,"column":8},"end":{"line":2226,"column":9}},"757":{"start":{"line":2225,"column":10},"end":{"line":2225,"column":75}},"758":{"start":{"line":2228,"column":8},"end":{"line":2231,"column":10}},"759":{"start":{"line":2233,"column":8},"end":{"line":2235,"column":9}},"760":{"start":{"line":2234,"column":10},"end":{"line":2234,"column":41}},"761":{"start":{"line":2238,"column":6},"end":{"line":2238,"column":39}},"762":{"start":{"line":2240,"column":4},"end":{"line":2254,"column":7}},"763":{"start":{"line":2241,"column":27},"end":{"line":2241,"column":37}},"764":{"start":{"line":2242,"column":6},"end":{"line":2244,"column":7}},"765":{"start":{"line":2243,"column":8},"end":{"line":2243,"column":63}},"766":{"start":{"line":2246,"column":6},"end":{"line":2248,"column":7}},"767":{"start":{"line":2247,"column":8},"end":{"line":2247,"column":47}},"768":{"start":{"line":2250,"column":20},"end":{"line":2250,"column":67}},"769":{"start":{"line":2251,"column":6},"end":{"line":2253,"column":7}},"770":{"start":{"line":2252,"column":8},"end":{"line":2252,"column":56}},"771":{"start":{"line":2255,"column":4},"end":{"line":2255,"column":21}},"772":{"start":{"line":2268,"column":0},"end":{"line":2301,"column":4}},"773":{"start":{"line":2270,"column":20},"end":{"line":2270,"column":51}},"774":{"start":{"line":2271,"column":19},"end":{"line":2271,"column":55}},"775":{"start":{"line":2272,"column":17},"end":{"line":2272,"column":51}},"776":{"start":{"line":2273,"column":15},"end":{"line":2273,"column":47}},"777":{"start":{"line":2275,"column":4},"end":{"line":2277,"column":5}},"778":{"start":{"line":2276,"column":6},"end":{"line":2276,"column":63}},"779":{"start":{"line":2279,"column":4},"end":{"line":2284,"column":5}},"780":{"start":{"line":2280,"column":6},"end":{"line":2280,"column":30}},"781":{"start":{"line":2281,"column":6},"end":{"line":2283,"column":7}},"782":{"start":{"line":2282,"column":8},"end":{"line":2282,"column":34}},"783":{"start":{"line":2286,"column":4},"end":{"line":2291,"column":5}},"784":{"start":{"line":2287,"column":6},"end":{"line":2287,"column":26}},"785":{"start":{"line":2288,"column":6},"end":{"line":2290,"column":7}},"786":{"start":{"line":2289,"column":8},"end":{"line":2289,"column":30}},"787":{"start":{"line":2293,"column":4},"end":{"line":2300,"column":7}},"788":{"start":{"line":2306,"column":0},"end":{"line":2328,"column":4}},"789":{"start":{"line":2308,"column":17},"end":{"line":2308,"column":28}},"790":{"start":{"line":2309,"column":4},"end":{"line":2311,"column":5}},"791":{"start":{"line":2310,"column":6},"end":{"line":2310,"column":55}},"792":{"start":{"line":2313,"column":4},"end":{"line":2327,"column":5}},"793":{"start":{"line":2316,"column":6},"end":{"line":2318,"column":7}},"794":{"start":{"line":2317,"column":8},"end":{"line":2317,"column":52}},"795":{"start":{"line":2319,"column":6},"end":{"line":2319,"column":71}},"796":{"start":{"line":2320,"column":11},"end":{"line":2327,"column":5}},"797":{"start":{"line":2323,"column":6},"end":{"line":2323,"column":61}},"798":{"start":{"line":2324,"column":6},"end":{"line":2326,"column":7}},"799":{"start":{"line":2325,"column":8},"end":{"line":2325,"column":37}},"800":{"start":{"line":2346,"column":0},"end":{"line":2421,"column":4}},"801":{"start":{"line":2348,"column":21},"end":{"line":2348,"column":32}},"802":{"start":{"line":2350,"column":4},"end":{"line":2358,"column":5}},"803":{"start":{"line":2351,"column":6},"end":{"line":2356,"column":7}},"804":{"start":{"line":2352,"column":8},"end":{"line":2355,"column":10}},"805":{"start":{"line":2357,"column":6},"end":{"line":2357,"column":43}},"806":{"start":{"line":2359,"column":21},"end":{"line":2359,"column":37}},"807":{"start":{"line":2361,"column":4},"end":{"line":2363,"column":5}},"808":{"start":{"line":2362,"column":6},"end":{"line":2362,"column":57}},"809":{"start":{"line":2366,"column":21},"end":{"line":2366,"column":35}},"810":{"start":{"line":2367,"column":19},"end":{"line":2367,"column":33}},"811":{"start":{"line":2370,"column":4},"end":{"line":2404,"column":13}},"812":{"start":{"line":2371,"column":6},"end":{"line":2392,"column":7}},"813":{"start":{"line":2373,"column":23},"end":{"line":2376,"column":10}},"814":{"start":{"line":2377,"column":8},"end":{"line":2391,"column":9}},"815":{"start":{"line":2379,"column":10},"end":{"line":2379,"column":43}},"816":{"start":{"line":2380,"column":10},"end":{"line":2382,"column":11}},"817":{"start":{"line":2381,"column":12},"end":{"line":2381,"column":70}},"818":{"start":{"line":2383,"column":10},"end":{"line":2385,"column":11}},"819":{"start":{"line":2384,"column":12},"end":{"line":2384,"column":71}},"820":{"start":{"line":2386,"column":10},"end":{"line":2386,"column":47}},"821":{"start":{"line":2387,"column":10},"end":{"line":2387,"column":51}},"822":{"start":{"line":2388,"column":10},"end":{"line":2390,"column":11}},"823":{"start":{"line":2389,"column":12},"end":{"line":2389,"column":41}},"824":{"start":{"line":2394,"column":19},"end":{"line":2394,"column":33}},"825":{"start":{"line":2395,"column":6},"end":{"line":2397,"column":7}},"826":{"start":{"line":2396,"column":8},"end":{"line":2396,"column":31}},"827":{"start":{"line":2399,"column":17},"end":{"line":2399,"column":29}},"828":{"start":{"line":2400,"column":6},"end":{"line":2402,"column":7}},"829":{"start":{"line":2401,"column":8},"end":{"line":2401,"column":27}},"830":{"start":{"line":2405,"column":4},"end":{"line":2405,"column":31}},"831":{"start":{"line":2406,"column":4},"end":{"line":2406,"column":27}},"832":{"start":{"line":2409,"column":4},"end":{"line":2420,"column":13}},"833":{"start":{"line":2410,"column":20},"end":{"line":2410,"column":67}},"834":{"start":{"line":2411,"column":6},"end":{"line":2419,"column":7}},"835":{"start":{"line":2412,"column":8},"end":{"line":2414,"column":9}},"836":{"start":{"line":2413,"column":10},"end":{"line":2413,"column":61}},"837":{"start":{"line":2415,"column":8},"end":{"line":2417,"column":9}},"838":{"start":{"line":2416,"column":10},"end":{"line":2416,"column":61}},"839":{"start":{"line":2418,"column":8},"end":{"line":2418,"column":51}},"840":{"start":{"line":2434,"column":0},"end":{"line":2471,"column":4}},"841":{"start":{"line":2441,"column":4},"end":{"line":2447,"column":5}},"842":{"start":{"line":2442,"column":8},"end":{"line":2446,"column":10}},"843":{"start":{"line":2449,"column":4},"end":{"line":2470,"column":5}},"844":{"start":{"line":2453,"column":6},"end":{"line":2453,"column":13}},"845":{"start":{"line":2455,"column":9},"end":{"line":2470,"column":5}},"846":{"start":{"line":2461,"column":6},"end":{"line":2461,"column":13}},"847":{"start":{"line":2464,"column":6},"end":{"line":2469,"column":10}},"848":{"start":{"line":2477,"column":0},"end":{"line":2541,"column":4}},"849":{"start":{"line":2479,"column":34},"end":{"line":2479,"column":35}},"850":{"start":{"line":2480,"column":32},"end":{"line":2480,"column":33}},"851":{"start":{"line":2481,"column":33},"end":{"line":2481,"column":34}},"852":{"start":{"line":2482,"column":31},"end":{"line":2482,"column":32}},"853":{"start":{"line":2483,"column":23},"end":{"line":2483,"column":24}},"854":{"start":{"line":2484,"column":25},"end":{"line":2484,"column":26}},"855":{"start":{"line":2485,"column":17},"end":{"line":2485,"column":19}},"856":{"start":{"line":2491,"column":19},"end":{"line":2491,"column":43}},"857":{"start":{"line":2492,"column":4},"end":{"line":2538,"column":5}},"858":{"start":{"line":2492,"column":17},"end":{"line":2492,"column":18}},"859":{"start":{"line":2492,"column":26},"end":{"line":2492,"column":41}},"860":{"start":{"line":2493,"column":6},"end":{"line":2493,"column":28}},"861":{"start":{"line":2494,"column":6},"end":{"line":2494,"column":15}},"862":{"start":{"line":2496,"column":6},"end":{"line":2510,"column":7}},"863":{"start":{"line":2497,"column":8},"end":{"line":2497,"column":36}},"864":{"start":{"line":2498,"column":8},"end":{"line":2501,"column":9}},"865":{"start":{"line":2499,"column":10},"end":{"line":2499,"column":22}},"866":{"start":{"line":2500,"column":10},"end":{"line":2500,"column":34}},"867":{"start":{"line":2504,"column":8},"end":{"line":2509,"column":9}},"868":{"start":{"line":2505,"column":10},"end":{"line":2507,"column":11}},"869":{"start":{"line":2506,"column":12},"end":{"line":2506,"column":21}},"870":{"start":{"line":2508,"column":10},"end":{"line":2508,"column":22}},"871":{"start":{"line":2512,"column":6},"end":{"line":2513,"column":60}},"872":{"start":{"line":2514,"column":6},"end":{"line":2514,"column":56}},"873":{"start":{"line":2516,"column":6},"end":{"line":2535,"column":7}},"874":{"start":{"line":2517,"column":8},"end":{"line":2517,"column":58}},"875":{"start":{"line":2518,"column":8},"end":{"line":2518,"column":61}},"876":{"start":{"line":2519,"column":8},"end":{"line":2519,"column":35}},"877":{"start":{"line":2522,"column":8},"end":{"line":2523,"column":59}},"878":{"start":{"line":2524,"column":8},"end":{"line":2524,"column":56}},"879":{"start":{"line":2526,"column":8},"end":{"line":2527,"column":61}},"880":{"start":{"line":2528,"column":8},"end":{"line":2528,"column":56}},"881":{"start":{"line":2530,"column":8},"end":{"line":2534,"column":9}},"882":{"start":{"line":2531,"column":10},"end":{"line":2531,"column":54}},"883":{"start":{"line":2532,"column":10},"end":{"line":2532,"column":59}},"884":{"start":{"line":2533,"column":10},"end":{"line":2533,"column":33}},"885":{"start":{"line":2537,"column":6},"end":{"line":2537,"column":21}},"886":{"start":{"line":2540,"column":4},"end":{"line":2540,"column":18}},"887":{"start":{"line":2543,"column":0},"end":{"line":2557,"column":4}},"888":{"start":{"line":2545,"column":4},"end":{"line":2556,"column":13}},"889":{"start":{"line":2546,"column":6},"end":{"line":2548,"column":7}},"890":{"start":{"line":2547,"column":8},"end":{"line":2547,"column":20}},"891":{"start":{"line":2549,"column":6},"end":{"line":2551,"column":7}},"892":{"start":{"line":2550,"column":8},"end":{"line":2550,"column":52}},"893":{"start":{"line":2552,"column":16},"end":{"line":2552,"column":40}},"894":{"start":{"line":2553,"column":6},"end":{"line":2555,"column":15}},"895":{"start":{"line":2562,"column":0},"end":{"line":2581,"column":4}},"896":{"start":{"line":2564,"column":14},"end":{"line":2569,"column":5}},"897":{"start":{"line":2570,"column":4},"end":{"line":2572,"column":5}},"898":{"start":{"line":2571,"column":6},"end":{"line":2571,"column":28}},"899":{"start":{"line":2573,"column":4},"end":{"line":2575,"column":5}},"900":{"start":{"line":2574,"column":6},"end":{"line":2574,"column":40}},"901":{"start":{"line":2576,"column":4},"end":{"line":2578,"column":5}},"902":{"start":{"line":2577,"column":6},"end":{"line":2577,"column":85}},"903":{"start":{"line":2580,"column":4},"end":{"line":2580,"column":15}},"904":{"start":{"line":2586,"column":0},"end":{"line":2589,"column":4}},"905":{"start":{"line":2588,"column":4},"end":{"line":2588,"column":41}},"906":{"start":{"line":2591,"column":0},"end":{"line":2591,"column":48}},"907":{"start":{"line":2606,"column":19},"end":{"line":2606,"column":95}},"908":{"start":{"line":2611,"column":0},"end":{"line":2616,"column":2}},"909":{"start":{"line":2612,"column":2},"end":{"line":2614,"column":3}},"910":{"start":{"line":2613,"column":4},"end":{"line":2613,"column":32}},"911":{"start":{"line":2615,"column":2},"end":{"line":2615,"column":61}},"912":{"start":{"line":2622,"column":0},"end":{"line":2665,"column":2}},"913":{"start":{"line":2623,"column":13},"end":{"line":2623,"column":15}},"914":{"start":{"line":2624,"column":13},"end":{"line":2624,"column":15}},"915":{"start":{"line":2626,"column":16},"end":{"line":2626,"column":18}},"916":{"start":{"line":2627,"column":16},"end":{"line":2627,"column":19}},"917":{"start":{"line":2629,"column":13},"end":{"line":2629,"column":15}},"918":{"start":{"line":2630,"column":13},"end":{"line":2630,"column":15}},"919":{"start":{"line":2632,"column":13},"end":{"line":2632,"column":15}},"920":{"start":{"line":2633,"column":14},"end":{"line":2633,"column":16}},"921":{"start":{"line":2635,"column":21},"end":{"line":2635,"column":23}},"922":{"start":{"line":2636,"column":21},"end":{"line":2636,"column":23}},"923":{"start":{"line":2639,"column":2},"end":{"line":2641,"column":3}},"924":{"start":{"line":2640,"column":4},"end":{"line":2640,"column":29}},"925":{"start":{"line":2644,"column":2},"end":{"line":2646,"column":3}},"926":{"start":{"line":2645,"column":4},"end":{"line":2645,"column":47}},"927":{"start":{"line":2649,"column":2},"end":{"line":2651,"column":3}},"928":{"start":{"line":2650,"column":4},"end":{"line":2650,"column":44}},"929":{"start":{"line":2654,"column":2},"end":{"line":2656,"column":3}},"930":{"start":{"line":2655,"column":4},"end":{"line":2655,"column":14}},"931":{"start":{"line":2659,"column":2},"end":{"line":2661,"column":3}},"932":{"start":{"line":2660,"column":4},"end":{"line":2660,"column":14}},"933":{"start":{"line":2664,"column":2},"end":{"line":2664,"column":12}},"934":{"start":{"line":2678,"column":0},"end":{"line":2678,"column":73}},"935":{"start":{"line":2679,"column":0},"end":{"line":2679,"column":71}},"936":{"start":{"line":2680,"column":0},"end":{"line":2680,"column":57}},"937":{"start":{"line":2688,"column":0},"end":{"line":2688,"column":33}},"938":{"start":{"line":2695,"column":0},"end":{"line":2695,"column":35}},"939":{"start":{"line":2703,"column":15},"end":{"line":2703,"column":40}},"940":{"start":{"line":2706,"column":2},"end":{"line":2708,"column":35}},"941":{"start":{"line":2712,"column":2},"end":{"line":2712,"column":60}},"942":{"start":{"line":2716,"column":2},"end":{"line":2716,"column":19}},"943":{"start":{"line":2718,"column":18},"end":{"line":2718,"column":45}},"944":{"start":{"line":2720,"column":2},"end":{"line":2722,"column":3}},"945":{"start":{"line":2721,"column":4},"end":{"line":2721,"column":53}},"946":{"start":{"line":2724,"column":2},"end":{"line":2732,"column":3}},"947":{"start":{"line":2725,"column":4},"end":{"line":2725,"column":22}},"948":{"start":{"line":2727,"column":4},"end":{"line":2727,"column":17}},"949":{"start":{"line":2729,"column":4},"end":{"line":2731,"column":5}},"950":{"start":{"line":2730,"column":6},"end":{"line":2730,"column":55}},"951":{"start":{"line":2734,"column":2},"end":{"line":2736,"column":76}},"952":{"start":{"line":2740,"column":2},"end":{"line":2742,"column":3}},"953":{"start":{"line":2741,"column":4},"end":{"line":2741,"column":21}},"954":{"start":{"line":2744,"column":2},"end":{"line":2746,"column":3}},"955":{"start":{"line":2745,"column":4},"end":{"line":2745,"column":69}},"956":{"start":{"line":2748,"column":2},"end":{"line":2750,"column":34}},"957":{"start":{"line":2754,"column":2},"end":{"line":2756,"column":3}},"958":{"start":{"line":2755,"column":4},"end":{"line":2755,"column":64}},"959":{"start":{"line":2758,"column":2},"end":{"line":2760,"column":3}},"960":{"start":{"line":2759,"column":4},"end":{"line":2759,"column":59}},"961":{"start":{"line":2762,"column":2},"end":{"line":2764,"column":3}},"962":{"start":{"line":2763,"column":4},"end":{"line":2763,"column":46}},"963":{"start":{"line":2766,"column":2},"end":{"line":2768,"column":23}},"964":{"start":{"line":2771,"column":0},"end":{"line":2771,"column":27}},"965":{"start":{"line":2786,"column":11},"end":{"line":2786,"column":35}},"966":{"start":{"line":2794,"column":14},"end":{"line":2794,"column":36}},"967":{"start":{"line":2795,"column":14},"end":{"line":2795,"column":36}},"968":{"start":{"line":2796,"column":16},"end":{"line":2796,"column":40}},"969":{"start":{"line":2797,"column":16},"end":{"line":2797,"column":40}},"970":{"start":{"line":2798,"column":2},"end":{"line":2799,"column":75}},"971":{"start":{"line":2808,"column":2},"end":{"line":2808,"column":19}},"972":{"start":{"line":2809,"column":2},"end":{"line":2809,"column":22}},"973":{"start":{"line":2811,"column":2},"end":{"line":2811,"column":55}},"974":{"start":{"line":2820,"column":0},"end":{"line":2823,"column":4}},"975":{"start":{"line":2822,"column":4},"end":{"line":2822,"column":45}},"976":{"start":{"line":2830,"column":0},"end":{"line":2838,"column":2}},"977":{"start":{"line":2831,"column":2},"end":{"line":2837,"column":3}},"978":{"start":{"line":2832,"column":4},"end":{"line":2832,"column":26}},"979":{"start":{"line":2833,"column":4},"end":{"line":2833,"column":31}},"980":{"start":{"line":2835,"column":4},"end":{"line":2835,"column":25}},"981":{"start":{"line":2836,"column":4},"end":{"line":2836,"column":31}},"982":{"start":{"line":2849,"column":0},"end":{"line":2855,"column":2}},"983":{"start":{"line":2850,"column":2},"end":{"line":2853,"column":3}},"984":{"start":{"line":2851,"column":4},"end":{"line":2851,"column":63}},"985":{"start":{"line":2852,"column":4},"end":{"line":2852,"column":24}},"986":{"start":{"line":2854,"column":2},"end":{"line":2854,"column":21}},"987":{"start":{"line":2857,"column":0},"end":{"line":2857,"column":34}},"988":{"start":{"line":2865,"column":0},"end":{"line":2865,"column":31}},"989":{"start":{"line":2879,"column":11},"end":{"line":2879,"column":35}},"990":{"start":{"line":2880,"column":10},"end":{"line":2880,"column":41}},"991":{"start":{"line":2881,"column":19},"end":{"line":2881,"column":45}},"992":{"start":{"line":2890,"column":2},"end":{"line":2890,"column":19}},"993":{"start":{"line":2891,"column":2},"end":{"line":2891,"column":61}},"994":{"start":{"line":2897,"column":0},"end":{"line":2903,"column":2}},"995":{"start":{"line":2898,"column":12},"end":{"line":2898,"column":26}},"996":{"start":{"line":2899,"column":2},"end":{"line":2901,"column":3}},"997":{"start":{"line":2899,"column":15},"end":{"line":2899,"column":16}},"998":{"start":{"line":2899,"column":24},"end":{"line":2899,"column":37}},"999":{"start":{"line":2900,"column":4},"end":{"line":2900,"column":41}},"1000":{"start":{"line":2902,"column":2},"end":{"line":2902,"column":13}},"1001":{"start":{"line":2911,"column":0},"end":{"line":2913,"column":2}},"1002":{"start":{"line":2912,"column":2},"end":{"line":2912,"column":86}},"1003":{"start":{"line":2920,"column":0},"end":{"line":2934,"column":2}},"1004":{"start":{"line":2921,"column":13},"end":{"line":2921,"column":57}},"1005":{"start":{"line":2922,"column":20},"end":{"line":2922,"column":77}},"1006":{"start":{"line":2923,"column":12},"end":{"line":2923,"column":30}},"1007":{"start":{"line":2924,"column":2},"end":{"line":2926,"column":3}},"1008":{"start":{"line":2925,"column":4},"end":{"line":2925,"column":27}},"1009":{"start":{"line":2927,"column":2},"end":{"line":2933,"column":3}},"1010":{"start":{"line":2928,"column":4},"end":{"line":2932,"column":5}},"1011":{"start":{"line":2929,"column":6},"end":{"line":2929,"column":31}},"1012":{"start":{"line":2931,"column":6},"end":{"line":2931,"column":28}},"1013":{"start":{"line":2941,"column":0},"end":{"line":2948,"column":2}},"1014":{"start":{"line":2942,"column":2},"end":{"line":2947,"column":3}},"1015":{"start":{"line":2943,"column":4},"end":{"line":2943,"column":31}},"1016":{"start":{"line":2945,"column":15},"end":{"line":2945,"column":37}},"1017":{"start":{"line":2946,"column":4},"end":{"line":2946,"column":37}},"1018":{"start":{"line":2955,"column":0},"end":{"line":2969,"column":2}},"1019":{"start":{"line":2956,"column":2},"end":{"line":2966,"column":3}},"1020":{"start":{"line":2957,"column":14},"end":{"line":2957,"column":33}},"1021":{"start":{"line":2958,"column":4},"end":{"line":2960,"column":5}},"1022":{"start":{"line":2959,"column":8},"end":{"line":2959,"column":19}},"1023":{"start":{"line":2962,"column":15},"end":{"line":2962,"column":37}},"1024":{"start":{"line":2963,"column":4},"end":{"line":2965,"column":5}},"1025":{"start":{"line":2964,"column":6},"end":{"line":2964,"column":29}},"1026":{"start":{"line":2968,"column":2},"end":{"line":2968,"column":55}},"1027":{"start":{"line":2976,"column":0},"end":{"line":2981,"column":2}},"1028":{"start":{"line":2977,"column":2},"end":{"line":2979,"column":3}},"1029":{"start":{"line":2978,"column":4},"end":{"line":2978,"column":29}},"1030":{"start":{"line":2980,"column":2},"end":{"line":2980,"column":51}},"1031":{"start":{"line":2988,"column"
[...]
column":5}},"type":"switch","locations":[{"start":{"line":63,"column":6},"end":{"line":63,"column":52}},{"start":{"line":64,"column":6},"end":{"line":64,"column":54}},{"start":{"line":65,"column":6},"end":{"line":65,"column":52}},{"start":{"line":66,"column":6},"end":{"line":66,"column":46}},{"start":{"line":67,"column":6},"end":{"line":67,"column":50}},{"start":{"line":68,"column":6},"end":{"line":68,"column":40}}],"line":62},"10":{"loc":{"start":{"line":79,"column":9},"end":{"line":79,"column":36}},"type":"binary-expr","locations":[{"start":{"line":79,"column":9},"end":{"line":79,"column":23}},{"start":{"line":79,"column":27},"end":{"line":79,"column":36}}],"line":79},"11":{"loc":{"start":{"line":81,"column":4},"end":{"line":85,"column":15}},"type":"if","locations":[{"start":{"line":81,"column":4},"end":{"line":85,"column":15}},{"start":{"line":81,"column":4},"end":{"line":85,"column":15}}],"line":81},"12":{"loc":{"start":{"line":93,"column":2},"end":{"line":93,"column":36}},"type":"if","locations":[{"start":{"line":93,"column":2},"end":{"line":93,"column":36}},{"start":{"line":93,"column":2},"end":{"line":93,"column":36}}],"line":93},"13":{"loc":{"start":{"line":96,"column":4},"end":{"line":96,"column":57}},"type":"if","locations":[{"start":{"line":96,"column":4},"end":{"line":96,"column":57}},{"start":{"line":96,"column":4},"end":{"line":96,"column":57}}],"line":96},"14":{"loc":{"start":{"line":97,"column":4},"end":{"line":97,"column":40}},"type":"if","locations":[{"start":{"line":97,"column":4},"end":{"line":97,"column":40}},{"start":{"line":97,"column":4},"end":{"line":97,"column":40}}],"line":97},"15":{"loc":{"start":{"line":105,"column":4},"end":{"line":105,"column":35}},"type":"if","locations":[{"start":{"line":105,"column":4},"end":{"line":105,"column":35}},{"start":{"line":105,"column":4},"end":{"line":105,"column":35}}],"line":105},"16":{"loc":{"start":{"line":106,"column":4},"end":{"line":106,"column":37}},"type":"if","locations":[{"start":{"line":106,"column":4},"end":{"line":106,"column":37}},{"start":{"line":106,"column":4},"end":{"line":106,"column":37}}],"line":106}},"s":{"0":9,"1":9,"2":9,"3":9,"4":9,"5":9,"6":0,"7":0,"8":0,"9":0,"10":7,"11":7,"12":0,"13":0,"14":9,"15":9,"16":9,"17":2,"18":2,"19":0,"20":0,"21":2,"22":7,"23":7,"24":7,"25":6,"26":6,"27":1,"28":1,"29":7,"30":0,"31":0,"32":0,"33":0,"34":0,"35":0,"36":0,"37":0,"38":0,"39":0,"40":0,"41":0,"42":0,"43":0,"44":0,"45":0,"46":0,"47":0,"48":0,"49":0,"50":0,"51":0,"52":0,"53":0,"54":0,"55":0,"56":0,"57":0,"58":0,"59":0,"60":0,"61":0,"62":0,"63":0,"64":0,"65":7,"66":0,"67":0,"68":0,"69":0,"70":0,"71":0,"72":0,"73":0,"74":0,"75":0,"76":0,"77":0,"78":0,"79":0,"80":0,"81":0,"82":0,"83":0,"84":0,"85":0,"86":0,"87":0,"88":0,"89":0,"90":0,"91":0,"92":0,"93":0,"94":0,"95":0,"96":2},"f":{"0":9,"1":0,"2":0,"3":0},"b":{"0":[0,0,7,0],"1":[2,7],"2":[0,2],"3":[6,1],"4":[0,7],"5":[0,0],"6":[0,0],"7":[0,0],"8":[0,0],"9":[0,0,0,0,0,0],"10":[0,0],"11":[0,0],"12":[0,0],"13":[0,0],"14":[0,0],"15":[0,0],"16":[0,0]},"_coverageSchema":"1a1c01bbd47fc00a2c39e90264f33305004495a9","hash":"f81295bef7bb2aacfee3fea9ebccafb48cd04544"}
,"/workspace/AutoCI/lib/executor.js": {"path":"/workspace/AutoCI/lib/executor.js","statementMap":{"0":{"start":{"line":1,"column":11},"end":{"line":1,"column":35}},"1":{"start":{"line":3,"column":20},"end":{"line":3,"column":30}},"2":{"start":{"line":4,"column":21},"end":{"line":4,"column":35}},"3":{"start":{"line":5,"column":4},"end":{"line":8,"column":5}},"4":{"start":{"line":6,"column":8},"end":{"line":6,"column":52}},"5":{"start":{"line":7,"column":8},"end":{"line":7,"column":20}},"6":{"start":{"line":9,"column":15},"end":{"line":9,"column":17}},"7":{"start":{"line":10,"column":4},"end":{"line":22,"column":5}},"8":{"start":{"line":11,"column":8},"end":{"line":11,"column":32}},"9":{"start":{"line":12,"column":8},"end":{"line":16,"column":9}},"10":{"start":{"line":13,"column":12},"end":{"line":13,"column":35}},"11":{"start":{"line":14,"column":12},"end":{"line":14,"column":22}},"12":{"start":{"line":15,"column":12},"end":{"line":15,"column":50}},"13":{"start":{"line":19,"column":8},"end":{"line":19,"column":87}},"14":{"start":{"line":20,"column":8},"end":{"line":20,"column":26}},"15":{"start":{"line":21,"column":8},"end":{"line":21,"column":20}},"16":{"start":{"line":23,"column":4},"end":{"line":23,"column":15}},"17":{"start":{"line":27,"column":0},"end":{"line":29,"column":1}}},"fnMap":{"0":{"name":"execute","decl":{"start":{"line":2,"column":9},"end":{"line":2,"column":16}},"loc":{"start":{"line":2,"column":24},"end":{"line":25,"column":1}},"line":2}},"branchMap":{"0":{"loc":{"start":{"line":5,"column":4},"end":{"line":8,"column":5}},"type":"if","locations":[{"start":{"line":5,"column":4},"end":{"line":8,"column":5}},{"start":{"line":5,"column":4},"end":{"line":8,"column":5}}],"line":5},"1":{"loc":{"start":{"line":5,"column":8},"end":{"line":5,"column":47}},"type":"binary-expr","locations":[{"start":{"line":5,"column":8},"end":{"line":5,"column":28}},{"start":{"line":5,"column":32},"end":{"line":5,"column":47}}],"line":5}},"s":{"0":1,"1":1,"2":1,"3":1,"4":0,"5":0,"6":1,"7":1,"8":1,"9":1,"10":3,"11":3,"12":3,"13":0,"14":0,"15":0,"16":1,"17":1},"f":{"0":1},"b":{"0":[0,1],"1":[1,1]},"_coverageSchema":"1a1c01bbd47fc00a2c39e90264f33305004495a9","hash":"cfda5dded1adb4db01c837cff5684459f72accd5"}
,"/workspace/AutoCI/lib/io.js": {"path":"/workspace/AutoCI/lib/io.js","statementMap":{"0":{"start":{"line":1,"column":11},"end":{"line":1,"column":35}},"1":{"start":{"line":2,"column":11},"end":{"line":2,"column":24}},"2":{"start":{"line":3,"column":13},"end":{"line":3,"column":28}},"3":{"start":{"line":7,"column":4},"end":{"line":8,"column":33}},"4":{"start":{"line":7,"column":29},"end":{"line":7,"column":38}},"5":{"start":{"line":8,"column":9},"end":{"line":8,"column":33}},"6":{"start":{"line":9,"column":17},"end":{"line":9,"column":63}},"7":{"start":{"line":10,"column":4},"end":{"line":10,"column":35}},"8":{"start":{"line":11,"column":4},"end":{"line":11,"column":34}},"9":{"start":{"line":12,"column":17},"end":{"line":12,"column":63}},"10":{"start":{"line":13,"column":4},"end":{"line":13,"column":34}},"11":{"start":{"line":14,"column":4},"end":{"line":14,"column":38}},"12":{"start":{"line":17,"column":4},"end":{"line":32,"column":5}},"13":{"start":{"line":18,"column":8},"end":{"line":18,"column":37}},"14":{"start":{"line":19,"column":8},"end":{"line":19,"column":24}},"15":{"start":{"line":22,"column":21},"end":{"line":22,"column":43}},"16":{"start":{"line":23,"column":8},"end":{"line":30,"column":9}},"17":{"start":{"line":24,"column":12},"end":{"line":24,"column":41}},"18":{"start":{"line":25,"column":12},"end":{"line":25,"column":28}},"19":{"start":{"line":28,"column":12},"end":{"line":28,"column":30}},"20":{"start":{"line":29,"column":12},"end":{"line":29,"column":28}},"21":{"start":{"line":33,"column":4},"end":{"line":33,"column":39}},"22":{"start":{"line":37,"column":12},"end":{"line":37,"column":34}},"23":{"start":{"line":38,"column":2},"end":{"line":38,"column":24}},"24":{"start":{"line":39,"column":2},"end":{"line":39,"column":17}},"25":{"start":{"line":40,"column":2},"end":{"line":40,"column":37}},"26":{"start":{"line":44,"column":4},"end":{"line":85,"column":5}},"27":{"start":{"line":45,"column":8},"end":{"line":45,"column":23}},"28":{"start":{"line":46,"column":24},"end":{"line":46,"column":45}},"29":{"start":{"line":47,"column":8},"end":{"line":53,"column":24}},"30":{"start":{"line":48,"column":12},"end":{"line":51,"column":13}},"31":{"start":{"line":53,"column":13},"end":{"line":53,"column":24}},"32":{"start":{"line":55,"column":9},"end":{"line":85,"column":5}},"33":{"start":{"line":56,"column":22},"end":{"line":60,"column":9}},"34":{"start":{"line":61,"column":8},"end":{"line":66,"column":9}},"35":{"start":{"line":62,"column":12},"end":{"line":65,"column":13}},"36":{"start":{"line":67,"column":24},"end":{"line":67,"column":27}},"37":{"start":{"line":68,"column":8},"end":{"line":68,"column":52}},"38":{"start":{"line":68,"column":29},"end":{"line":68,"column":52}},"39":{"start":{"line":69,"column":27},"end":{"line":69,"column":60}},"40":{"start":{"line":70,"column":8},"end":{"line":80,"column":9}},"41":{"start":{"line":71,"column":28},"end":{"line":71,"column":61}},"42":{"start":{"line":72,"column":28},"end":{"line":72,"column":46}},"43":{"start":{"line":73,"column":12},"end":{"line":79,"column":28}},"44":{"start":{"line":74,"column":16},"end":{"line":77,"column":17}},"45":{"start":{"line":79,"column":17},"end":{"line":79,"column":28}},"46":{"start":{"line":81,"column":8},"end":{"line":81,"column":19}},"47":{"start":{"line":84,"column":8},"end":{"line":84,"column":19}},"48":{"start":{"line":90,"column":4},"end":{"line":90,"column":43}},"49":{"start":{"line":90,"column":32},"end":{"line":90,"column":43}},"50":{"start":{"line":91,"column":20},"end":{"line":91,"column":39}},"51":{"start":{"line":92,"column":4},"end":{"line":92,"column":29}},"52":{"start":{"line":92,"column":18},"end":{"line":92,"column":29}},"53":{"start":{"line":93,"column":4},"end":{"line":93,"column":42}},"54":{"start":{"line":93,"column":27},"end":{"line":93,"column":42}},"55":{"start":{"line":94,"column":17},"end":{"line":94,"column":38}},"56":{"start":{"line":95,"column":4},"end":{"line":95,"column":48}},"57":{"start":{"line":95,"column":37},"end":{"line":95,"column":48}},"58":{"start":{"line":96,"column":20},"end":{"line":96,"column":44}},"59":{"start":{"line":97,"column":4},"end":{"line":105,"column":5}},"60":{"start":{"line":98,"column":8},"end":{"line":98,"column":38}},"61":{"start":{"line":98,"column":30},"end":{"line":98,"column":38}},"62":{"start":{"line":99,"column":24},"end":{"line":99,"column":47}},"63":{"start":{"line":100,"column":8},"end":{"line":100,"column":39}},"64":{"start":{"line":100,"column":25},"end":{"line":100,"column":39}},"65":{"start":{"line":101,"column":21},"end":{"line":101,"column":41}},"66":{"start":{"line":102,"column":8},"end":{"line":102,"column":42}},"67":{"start":{"line":102,"column":31},"end":{"line":102,"column":42}},"68":{"start":{"line":103,"column":23},"end":{"line":103,"column":58}},"69":{"start":{"line":104,"column":8},"end":{"line":104,"column":40}},"70":{"start":{"line":104,"column":27},"end":{"line":104,"column":40}},"71":{"start":{"line":106,"column":4},"end":{"line":106,"column":15}},"72":{"start":{"line":110,"column":4},"end":{"line":112,"column":5}},"73":{"start":{"line":111,"column":8},"end":{"line":111,"column":30}},"74":{"start":{"line":111,"column":19},"end":{"line":111,"column":30}},"75":{"start":{"line":113,"column":4},"end":{"line":113,"column":16}},"76":{"start":{"line":117,"column":4},"end":{"line":117,"column":30}},"77":{"start":{"line":121,"column":4},"end":{"line":124,"column":5}},"78":{"start":{"line":122,"column":8},"end":{"line":122,"column":34}},"79":{"start":{"line":123,"column":8},"end":{"line":123,"column":28}},"80":{"start":{"line":125,"column":4},"end":{"line":125,"column":23}},"81":{"start":{"line":126,"column":4},"end":{"line":126,"column":17}},"82":{"start":{"line":129,"column":22},"end":{"line":135,"column":1}},"83":{"start":{"line":137,"column":0},"end":{"line":142,"column":1}}},"fnMap":{"0":{"name":"getInfo","decl":{"start":{"line":5,"column":9},"end":{"line":5,"column":16}},"loc":{"start":{"line":5,"column":25},"end":{"line":34,"column":1}},"line":5},"1":{"name":"buffer2String","decl":{"start":{"line":36,"column":9},"end":{"line":36,"column":22}},"loc":{"start":{"line":36,"column":42},"end":{"line":41,"column":1}},"line":36},"2":{"name":"locateConfig","decl":{"start":{"line":43,"column":9},"end":{"line":43,"column":21}},"loc":{"start":{"line":43,"column":56},"end":{"line":87,"column":1}},"line":43},"3":{"name":"searchFile","decl":{"start":{"line":89,"column":9},"end":{"line":89,"column":19}},"loc":{"start":{"line":89,"column":76},"end":{"line":107,"column":1}},"line":89},"4":{"name":"isIn","decl":{"start":{"line":109,"column":9},"end":{"line":109,"column":13}},"loc":{"start":{"line":109,"column":23},"end":{"line":114,"column":1}},"line":109},"5":{"name":"checkPath","decl":{"start":{"line":116,"column":9},"end":{"line":116,"column":18}},"loc":{"start":{"line":116,"column":24},"end":{"line":118,"column":1}},"line":116},"6":{"name":"getCIConfig","decl":{"start":{"line":120,"column":9},"end":{"line":120,"column":20}},"loc":{"start":{"line":120,"column":33},"end":{"line":127,"column":1}},"line":120}},"branchMap":{"0":{"loc":{"start":{"line":7,"column":4},"end":{"line":8,"column":33}},"type":"if","locations":[{"start":{"line":7,"column":4},"end":{"line":8,"column":33}},{"start":{"line":7,"column":4},"end":{"line":8,"column":33}}],"line":7},"1":{"loc":{"start":{"line":8,"column":15},"end":{"line":8,"column":32}},"type":"binary-expr","locations":[{"start":{"line":8,"column":15},"end":{"line":8,"column":26}},{"start":{"line":8,"column":30},"end":{"line":8,"column":32}}],"line":8},"2":{"loc":{"start":{"line":17,"column":4},"end":{"line":32,"column":5}},"type":"if","locations":[{"start":{"line":17,"column":4},"end":{"line":32,"column":5}},{"start":{"line":17,"column":4},"end":{"line":32,"column":5}}],"line":17},"3":{"loc":{"start":{"line":17,"column":8},"end":{"line":17,"column":45}},"type":"binary-expr","locations":[{"start":{"line":17,"column":8},"end":{"line":17,"column":27}},{"start":{"line":17,"column":31},"end":{"line":17,"column":45}}],"line":17},"4":{"loc":{"start":{"line":23,"column":8},"end":{"line":30,"column":9}},"type":"if","locations":[{"start":{"line":23,"column":8},"end":{"line":30,"column":9}},{"start":{"line":23,"column":8},"end":{"line":30,"column":9}}],"line":23},"5":{"loc":{"start":{"line":23,"column":12},"end":{"line":23,"column":43}},"type":"binary-expr","locations":[{"start":{"line":23,"column":12},"end":{"line":23,"column":28}},{"start":{"line":23,"column":32},"end":{"line":23,"column":43}}],"line":23},"6":{"loc":{"start":{"line":36,"column":31},"end":{"line":36,"column":41}},"type":"default-arg","locations":[{"start":{"line":36,"column":35},"end":{"line":36,"column":41}}],"line":36},"7":{"loc":{"start":{"line":44,"column":4},"end":{"line":85,"column":5}},"type":"if","locations":[{"start":{"line":44,"column":4},"end":{"line":85,"column":5}},{"start":{"line":44,"column":4},"end":{"line":85,"column":5}}],"line":44},"8":{"loc":{"start":{"line":47,"column":8},"end":{"line":53,"column":24}},"type":"if","locations":[{"start":{"line":47,"column":8},"end":{"line":53,"column":24}},{"start":{"line":47,"column":8},"end":{"line":53,"column":24}}],"line":47},"9":{"loc":{"start":{"line":55,"column":9},"end":{"line":85,"column":5}},"type":"if","locations":[{"start":{"line":55,"column":9},"end":{"line":85,"column":5}},{"start":{"line":55,"column":9},"end":{"line":85,"column":5}}],"line":55},"10":{"loc":{"start":{"line":55,"column":13},"end":{"line":55,"column":54}},"type":"binary-expr","locations":[{"start":{"line":55,"column":13},"end":{"line":55,"column":29}},{"start":{"line":55,"column":33},"end":{"line":55,"column":54}}],"line":55},"11":{"loc":{"start":{"line":61,"column":8},"end":{"line":66,"column":9}},"type":"if","locations":[{"start":{"line":61,"column":8},"end":{"line":66,"column":9}},{"start":{"line":61,"column":8},"end":{"line":66,"column":9}}],"line":61},"12":{"loc":{"start":{"line":68,"column":8},"end":{"line":68,"column":52}},"type":"if","locations":[{"start":{"line":68,"column":8},"end":{"line":68,"column":52}},{"start":{"line":68,"column":8},"end":{"line":68,"column":52}}],"line":68},"13":{"loc":{"start":{"line":70,"column":8},"end":{"line":80,"column":9}},"type":"if","locations":[{"start":{"line":70,"column":8},"end":{"line":80,"column":9}},{"start":{"line":70,"column":8},"end":{"line":80,"column":9}}],"line":70},"14":{"loc":{"start":{"line":73,"column":12},"end":{"line":79,"column":28}},"type":"if","locations":[{"start":{"line":73,"column":12},"end":{"line":79,"column":28}},{"start":{"line":73,"column":12},"end":{"line":79,"column":28}}],"line":73},"15":{"loc":{"start":{"line":89,"column":38},"end":{"line":89,"column":75}},"type":"default-arg","locations":[{"start":{"line":89,"column":45},"end":{"line":89,"column":75}}],"line":89},"16":{"loc":{"start":{"line":90,"column":4},"end":{"line":90,"column":43}},"type":"if","locations":[{"start":{"line":90,"column":4},"end":{"line":90,"column":43}},{"start":{"line":90,"column":4},"end":{"line":90,"column":43}}],"line":90},"17":{"loc":{"start":{"line":92,"column":4},"end":{"line":92,"column":29}},"type":"if","locations":[{"start":{"line":92,"column":4},"end":{"line":92,"column":29}},{"start":{"line":92,"column":4},"end":{"line":92,"column":29}}],"line":92},"18":{"loc":{"start":{"line":93,"column":4},"end":{"line":93,"column":42}},"type":"if","locations":[{"start":{"line":93,"column":4},"end":{"line":93,"column":42}},{"start":{"line":93,"column":4},"end":{"line":93,"column":42}}],"line":93},"19":{"loc":{"start":{"line":95,"column":4},"end":{"line":95,"column":48}},"type":"if","locations":[{"start":{"line":95,"column":4},"end":{"line":95,"column":48}},{"start":{"line":95,"column":4},"end":{"line":95,"column":48}}],"line":95},"20":{"loc":{"start":{"line":95,"column":8},"end":{"line":95,"column":35}},"type":"binary-expr","locations":[{"start":{"line":95,"column":8},"end":{"line":95,"column":12}},{"start":{"line":95,"column":16},"end":{"line":95,"column":35}}],"line":95},"21":{"loc":{"start":{"line":98,"column":8},"end":{"line":98,"column":38}},"type":"if","locations":[{"start":{"line":98,"column":8},"end":{"line":98,"column":38}},{"start":{"line":98,"column":8},"end":{"line":98,"column":38}}],"line":98},"22":{"loc":{"start":{"line":100,"column":8},"end":{"line":100,"column":39}},"type":"if","locations":[{"start":{"line":100,"column":8},"end":{"line":100,"column":39}},{"start":{"line":100,"column":8},"end":{"line":100,"column":39}}],"line":100},"23":{"loc":{"start":{"line":102,"column":8},"end":{"line":102,"column":42}},"type":"if","locations":[{"start":{"line":102,"column":8},"end":{"line":102,"column":42}},{"start":{"line":102,"column":8},"end":{"line":102,"column":42}}],"line":102},"24":{"loc":{"start":{"line":104,"column":8},"end":{"line":104,"column":40}},"type":"if","locations":[{"start":{"line":104,"column":8},"end":{"line":104,"column":40}},{"start":{"line":104,"column":8},"end":{"line":104,"column":40}}],"line":104},"25":{"loc":{"start":{"line":111,"column":8},"end":{"line":111,"column":30}},"type":"if","locations":[{"start":{"line":111,"column":8},"end":{"line":111,"column":30}},{"start":{"line":111,"column":8},"end":{"line":111,"column":30}}],"line":111},"26":{"loc":{"start":{"line":121,"column":4},"end":{"line":124,"column":5}},"type":"if","locations":[{"start":{"line":121,"column":4},"end":{"line":124,"column":5}},{"start":{"line":121,"column":4},"end":{"line":124,"column":5}}],"line":121}},"s":{"0":2,"1":2,"2":2,"3":7,"4":6,"5":1,"6":7,"7":7,"8":7,"9":7,"10":7,"11":7,"12":7,"13":6,"14":6,"15":1,"16":1,"17":1,"18":1,"19":0,"20":0,"21":7,"22":14,"23":14,"24":14,"25":14,"26":5,"27":3,"28":3,"29":3,"30":2,"31":1,"32":2,"33":2,"34":2,"35":1,"36":1,"37":1,"38":1,"39":1,"40":1,"41":1,"42":1,"43":1,"44":1,"45":0,"46":0,"47":0,"48":9102,"49":0,"50":9102,"51":9102,"52":0,"53":9102,"54":0,"55":9102,"56":9102,"57":7709,"58":1393,"59":1393,"60":9110,"61":10,"62":9100,"63":9100,"64":3,"65":9097,"66":9097,"67":0,"68":9097,"69":9097,"70":2,"71":1388,"72":18212,"73":36700,"74":10,"75":18202,"76":9108,"77":1,"78":0,"79":0,"80":1,"81":1,"82":2,"83":2},"f":{"0":7,"1":14,"2":5,"3":9102,"4":18212,"5":9108,"6":1},"b":{"0":[6,1],"1":[1,1],"2":[6,1],"3":[7,1],"4":[1,0],"5":[1,0],"6":[14],"7":[3,2],"8":[2,1],"9":[2,0],"10":[2,2],"11":[1,1],"12":[1,0],"13":[1,0],"14":[1,0],"15":[4],"16":[0,9102],"17":[0,9102],"18":[0,9102],"19":[7709,1393],"20":[9102,9102],"21":[10,9100],"22":[3,9097],"23":[0,9097],"24":[2,9095],"25":[10,36690],"26":[0,1]},"_coverageSchema":"1a1c01bbd47fc00a2c39e90264f33305004495a9","hash":"5a526c63e2d879e09791742a47b8eb7145e2e76d"}
}
